Command line invocation:
    /Applications/Xcode.app/Contents/Developer/usr/bin/xcodebuild test -project TaskPaper.xcodeproj -scheme TaskPaper "-only-testing:TaskPaperTests/OutlineEditorTests" "-only-testing:TaskPaperTests/OutlineEditorStorageTests" "-only-testing:TaskPaperTests/StyleSheetTests" "-only-testing:TaskPaperTests/OutlineDocumentTests" -configuration Debug -enableThreadSanitizer YES -enableCodeCoverage YES CODE_SIGN_IDENTITY= CODE_SIGNING_REQUIRED=NO CODE_SIGNING_ALLOWED=NO

Build settings from command line:
    CODE_SIGN_IDENTITY = 
    CODE_SIGNING_ALLOWED = NO
    CODE_SIGNING_REQUIRED = NO

Resolve Package Graph


Resolved source packages:
  Paddle: https://github.com/PaddleHQ/Mac-Framework-V4 @ 4.4.3
  Setapp: https://github.com/MacPaw/Setapp-framework.git @ 3.4.0
  Sparkle: https://github.com/sparkle-project/Sparkle @ 2.8.0

--- xcodebuild: WARNING: Using the first of multiple matching destinations:
{ platform:macOS, arch:arm64, id:00006020-001071491A20C01E, name:My Mac }
{ platform:macOS, arch:x86_64, id:00006020-001071491A20C01E, name:My Mac }
{ platform:macOS, name:Any Mac }
note: Using codesigning identity override: 
ComputePackagePrebuildTargetDependencyGraph

Prepare packages

CreateBuildRequest

SendProjectDescription

CreateBuildOperation

ComputeTargetDependencyGraph
note: Building targets in dependency order
note: Target dependency graph (6 targets)
    Target 'TaskPaperTests' in project 'TaskPaper'
        ➜ Explicit dependency on target 'TaskPaper' in project 'TaskPaper'
    Target 'BirchOutlineTests' in project 'BirchOutline'
        ➜ Explicit dependency on target 'BirchOutline' in project 'BirchOutline'
    Target 'TaskPaper' in project 'TaskPaper'
        ➜ Explicit dependency on target 'BirchOutline' in project 'BirchOutline'
        ➜ Explicit dependency on target 'Paddle' in project 'Paddle'
        ➜ Explicit dependency on target 'Sparkle' in project 'Sparkle'
    Target 'Sparkle' in project 'Sparkle' (no dependencies)
    Target 'Paddle' in project 'Paddle' (no dependencies)
    Target 'BirchOutline' in project 'BirchOutline' (no dependencies)

GatherProvisioningInputs

CreateBuildDescription

ExecuteExternalTool /Applications/Xcode.app/Contents/Developer/Toolchains/XcodeDefault.xctoolchain/usr/bin/clang -v -E -dM -isysroot /Applications/Xcode.app/Contents/Developer/Platforms/MacOSX.platform/Developer/SDKs/MacOSX26.0.sdk -x c -c /dev/null

ExecuteExternalTool /Applications/Xcode.app/Contents/Developer/Toolchains/XcodeDefault.xctoolchain/usr/bin/clang -v -E -dM -arch arm64 -isysroot /Applications/Xcode.app/Contents/Developer/Platforms/MacOSX.platform/Developer/SDKs/MacOSX26.0.sdk -x c -c /dev/null

ExecuteExternalTool /Applications/Xcode.app/Contents/Developer/usr/bin/ibtool --version --output-format xml1

ExecuteExternalTool /Applications/Xcode.app/Contents/Developer/Toolchains/XcodeDefault.xctoolchain/usr/bin/swiftc --version

ExecuteExternalTool /Applications/Xcode.app/Contents/Developer/Toolchains/XcodeDefault.xctoolchain/usr/bin/clang -v -E -dM -arch arm64 -isysroot /Applications/Xcode.app/Contents/Developer/Platforms/MacOSX.platform/Developer/SDKs/MacOSX26.0.sdk -x objective-c -c /dev/null

ExecuteExternalTool /Applications/Xcode.app/Contents/Developer/usr/bin/actool --version --output-format xml1

ExecuteExternalTool /Applications/Xcode.app/Contents/Developer/Toolchains/XcodeDefault.xctoolchain/usr/bin/ld -version_details

Build description signature: 5c88d4255f1129ec4814a88030f357fa
Build description path: /Users/ka/Library/Developer/Xcode/DerivedData/TaskPaper-fkdpctjeinjdwjgtefknnknzfcok/Build/Intermediates.noindex/XCBuildData/5c88d4255f1129ec4814a88030f357fa.xcbuilddata
ClangStatCache /Applications/Xcode.app/Contents/Developer/Toolchains/XcodeDefault.xctoolchain/usr/bin/clang-stat-cache /Applications/Xcode.app/Contents/Developer/Platforms/MacOSX.platform/Developer/SDKs/MacOSX26.0.sdk /Users/ka/Library/Developer/Xcode/DerivedData/SDKStatCaches.noindex/macosx26.0-25A352-28806144b0707e398aac92880fa50324.sdkstatcache
    cd /Users/ka/Downloads/2025-11-07\ TaskPaper\ Repo/TaskPaper/TaskPaper.xcodeproj
    /Applications/Xcode.app/Contents/Developer/Toolchains/XcodeDefault.xctoolchain/usr/bin/clang-stat-cache /Applications/Xcode.app/Contents/Developer/Platforms/MacOSX.platform/Developer/SDKs/MacOSX26.0.sdk -o /Users/ka/Library/Developer/Xcode/DerivedData/SDKStatCaches.noindex/macosx26.0-25A352-28806144b0707e398aac92880fa50324.sdkstatcache

ProcessInfoPlistFile /Users/ka/Library/Developer/Xcode/DerivedData/TaskPaper-fkdpctjeinjdwjgtefknnknzfcok/Build/Products/Debug/BirchOutline.framework/Versions/A/Resources/Info.plist /Users/ka/Downloads/2025-11-07\ TaskPaper\ Repo/TaskPaper/BirchOutline/BirchOutline.swift/BirchOutline/Info.plist (in target 'BirchOutline' from project 'BirchOutline')
    cd /Users/ka/Downloads/2025-11-07\ TaskPaper\ Repo/TaskPaper/BirchOutline/BirchOutline.swift
    builtin-infoPlistUtility /Users/ka/Downloads/2025-11-07\ TaskPaper\ Repo/TaskPaper/BirchOutline/BirchOutline.swift/BirchOutline/Info.plist -producttype com.apple.product-type.framework -expandbuildsettings -platform macosx -o /Users/ka/Library/Developer/Xcode/DerivedData/TaskPaper-fkdpctjeinjdwjgtefknnknzfcok/Build/Products/Debug/BirchOutline.framework/Versions/A/Resources/Info.plist

VerifyModule /Users/ka/Library/Developer/Xcode/DerivedData/TaskPaper-fkdpctjeinjdwjgtefknnknzfcok/Build/Products/Debug/BirchOutline.framework (in target 'BirchOutline' from project 'BirchOutline')
    cd /Users/ka/Downloads/2025-11-07\ TaskPaper\ Repo/TaskPaper/BirchOutline/BirchOutline.swift
    /Applications/Xcode.app/Contents/Developer/Toolchains/XcodeDefault.xctoolchain/usr/bin/modules-verifier /Users/ka/Library/Developer/Xcode/DerivedData/TaskPaper-fkdpctjeinjdwjgtefknnknzfcok/Build/Products/Debug/BirchOutline.framework --clang /Applications/Xcode.app/Contents/Developer/Toolchains/XcodeDefault.xctoolchain/usr/bin/clang --diagnostic-filename-map /Users/ka/Library/Developer/Xcode/DerivedData/TaskPaper-fkdpctjeinjdwjgtefknnknzfcok/Build/Intermediates.noindex/BirchOutline.build/Debug/BirchOutline.build/BirchOutline-diagnostic-filename-map.json --sdk /Applications/Xcode.app/Contents/Developer/Platforms/MacOSX.platform/Developer/SDKs/MacOSX26.0.sdk --intermediates-directory /Users/ka/Library/Developer/Xcode/DerivedData/TaskPaper-fkdpctjeinjdwjgtefknnknzfcok/Build/Intermediates.noindex/BirchOutline.build/Debug/BirchOutline.build/VerifyModule --target arm64-apple-macos11.0 --language objective-c --standard gnu99 --standard gnu++11

CopySwiftLibs /Users/ka/Library/Developer/Xcode/DerivedData/TaskPaper-fkdpctjeinjdwjgtefknnknzfcok/Build/Products/Debug/BirchOutlineTests.xctest (in target 'BirchOutlineTests' from project 'BirchOutline')
    cd /Users/ka/Downloads/2025-11-07\ TaskPaper\ Repo/TaskPaper/BirchOutline/BirchOutline.swift
    builtin-swiftStdLibTool --copy --verbose --scan-executable /Users/ka/Library/Developer/Xcode/DerivedData/TaskPaper-fkdpctjeinjdwjgtefknnknzfcok/Build/Products/Debug/BirchOutlineTests.xctest/Contents/MacOS/BirchOutlineTests --scan-folder /Users/ka/Library/Developer/Xcode/DerivedData/TaskPaper-fkdpctjeinjdwjgtefknnknzfcok/Build/Products/Debug/BirchOutlineTests.xctest/Contents/Frameworks --scan-folder /Users/ka/Library/Developer/Xcode/DerivedData/TaskPaper-fkdpctjeinjdwjgtefknnknzfcok/Build/Products/Debug/BirchOutlineTests.xctest/Contents/PlugIns --scan-folder /Users/ka/Library/Developer/Xcode/DerivedData/TaskPaper-fkdpctjeinjdwjgtefknnknzfcok/Build/Products/Debug/BirchOutlineTests.xctest/Contents/Library/SystemExtensions --scan-folder /Users/ka/Library/Developer/Xcode/DerivedData/TaskPaper-fkdpctjeinjdwjgtefknnknzfcok/Build/Products/Debug/BirchOutlineTests.xctest/Contents/Extensions --scan-folder /Users/ka/Library/Developer/Xcode/DerivedData/TaskPaper-fkdpctjeinjdwjgtefknnknzfcok/Build/Products/Debug/BirchOutline.framework --platform macosx --toolchain /Applications/Xcode.app/Contents/Developer/Toolchains/XcodeDefault.xctoolchain --destination /Users/ka/Library/Developer/Xcode/DerivedData/TaskPaper-fkdpctjeinjdwjgtefknnknzfcok/Build/Products/Debug/BirchOutlineTests.xctest/Contents/Frameworks --strip-bitcode --scan-executable /Applications/Xcode.app/Contents/Developer/Platforms/MacOSX.platform/Developer/usr/lib/libXCTestSwiftSupport.dylib --strip-bitcode-tool /Applications/Xcode.app/Contents/Developer/Toolchains/XcodeDefault.xctoolchain/usr/bin/bitcode_strip --emit-dependency-info /Users/ka/Library/Developer/Xcode/DerivedData/TaskPaper-fkdpctjeinjdwjgtefknnknzfcok/Build/Intermediates.noindex/BirchOutline.build/Debug/BirchOutlineTests.build/SwiftStdLibToolInputDependencies.dep --filter-for-swift-os --back-deploy-swift-concurrency --back-deploy-swift-span
Ignoring --strip-bitcode because --sign was not passed
libswift_Concurrency.dylib is up to date at /Users/ka/Library/Developer/Xcode/DerivedData/TaskPaper-fkdpctjeinjdwjgtefknnknzfcok/Build/Products/Debug/BirchOutlineTests.xctest/Contents/Frameworks/libswift_Concurrency.dylib

PhaseScriptExecution prepublish\ birch-outline\ &\ birch-editor /Users/ka/Library/Developer/Xcode/DerivedData/TaskPaper-fkdpctjeinjdwjgtefknnknzfcok/Build/Intermediates.noindex/TaskPaper.build/Debug/TaskPaper.build/Script-436DD8541DD2147800776BD5.sh (in target 'TaskPaper' from project 'TaskPaper')
    cd /Users/ka/Downloads/2025-11-07\ TaskPaper\ Repo/TaskPaper
    export ACTION\=build
    export AD_HOC_CODE_SIGNING_ALLOWED\=YES
    export AGGREGATE_TRACKED_DOMAINS\=YES
    export ALLOW_BUILD_REQUEST_OVERRIDES\=NO
    export ALLOW_TARGET_PLATFORM_SPECIALIZATION\=NO
    export ALTERNATE_GROUP\=staff
    export ALTERNATE_MODE\=u+w,go-w,a+rX
    export ALTERNATE_OWNER\=ka
    export ALTERNATIVE_DISTRIBUTION_WEB\=NO
    export ALWAYS_EMBED_SWIFT_STANDARD_LIBRARIES\=NO
    export ALWAYS_SEARCH_USER_PATHS\=NO
    export ALWAYS_USE_SEPARATE_HEADERMAPS\=NO
    export APPLICATION_EXTENSION_API_ONLY\=NO
    export APPLY_RULES_IN_COPY_FILES\=NO
    export APPLY_RULES_IN_COPY_HEADERS\=NO
    export APP_SHORTCUTS_ENABLE_FLEXIBLE_MATCHING\=YES
    export ARCHS\=arm64
    export ARCHS_STANDARD\=arm64\ x86_64
    export ARCHS_STANDARD_32_64_BIT\=arm64\ x86_64\ i386
    export ARCHS_STANDARD_32_BIT\=i386
    export ARCHS_STANDARD_64_BIT\=arm64\ x86_64
    export ARCHS_STANDARD_INCLUDING_64_BIT\=arm64\ x86_64
    export ASSETCATALOG_COMPILER_APPICON_NAME\=AppIcon
    export ASSETCATALOG_COMPILER_INCLUDE_ALL_APPICON_ASSETS\=YES
    export AUTOMATICALLY_MERGE_DEPENDENCIES\=NO
    export AUTOMATION_APPLE_EVENTS\=NO
    export AVAILABLE_PLATFORMS\=android\ appletvos\ appletvsimulator\ driverkit\ iphoneos\ iphonesimulator\ macosx\ qnx\ watchos\ watchsimulator\ webassembly\ xros\ xrsimulator
    export BUILD_ACTIVE_RESOURCES_ONLY\=NO
    export BUILD_COMPONENTS\=headers\ build
    export BUILD_DIR\=/Users/ka/Library/Developer/Xcode/DerivedData/TaskPaper-fkdpctjeinjdwjgtefknnknzfcok/Build/Products
    export BUILD_LIBRARY_FOR_DISTRIBUTION\=NO
    export BUILD_ROOT\=/Users/ka/Library/Developer/Xcode/DerivedData/TaskPaper-fkdpctjeinjdwjgtefknnknzfcok/Build/Products
    export BUILD_STYLE\=
    export BUILD_VARIANTS\=normal
    export BUILT_PRODUCTS_DIR\=/Users/ka/Library/Developer/Xcode/DerivedData/TaskPaper-fkdpctjeinjdwjgtefknnknzfcok/Build/Products/Debug
    export BUNDLE_CONTENTS_FOLDER_PATH\=Contents/
    export BUNDLE_CONTENTS_FOLDER_PATH_deep\=Contents/
    export BUNDLE_EXECUTABLE_FOLDER_NAME_deep\=MacOS
    export BUNDLE_EXECUTABLE_FOLDER_PATH\=Contents/MacOS
    export BUNDLE_EXTENSIONS_FOLDER_PATH\=Contents/Extensions
    export BUNDLE_FORMAT\=deep
    export BUNDLE_FRAMEWORKS_FOLDER_PATH\=Contents/Frameworks
    export BUNDLE_PLUGINS_FOLDER_PATH\=Contents/PlugIns
    export BUNDLE_PRIVATE_HEADERS_FOLDER_PATH\=Contents/PrivateHeaders
    export BUNDLE_PUBLIC_HEADERS_FOLDER_PATH\=Contents/Headers
    export CACHE_ROOT\=/var/folders/g8/4l9m18d52vg48cwmv_h226q80000gn/C/com.apple.DeveloperTools/26.0.1-17A400/Xcode
    export CCHROOT\=/var/folders/g8/4l9m18d52vg48cwmv_h226q80000gn/C/com.apple.DeveloperTools/26.0.1-17A400/Xcode
    export CHMOD\=/bin/chmod
    export CHOWN\=/usr/sbin/chown
    export CLANG_ANALYZER_LOCALIZABILITY_NONLOCALIZED\=YES
    export CLANG_ANALYZER_NONNULL\=YES
    export CLANG_CACHE_FINE_GRAINED_OUTPUTS\=YES
    export CLANG_COVERAGE_MAPPING\=YES
    export CLANG_CXX_LANGUAGE_STANDARD\=gnu++0x
    export CLANG_CXX_LIBRARY\=libc++
    export CLANG_ENABLE_EXPLICIT_MODULES\=YES
    export CLANG_ENABLE_MODULES\=YES
    export CLANG_ENABLE_OBJC_ARC\=YES
    export CLANG_MODULES_BUILD_SESSION_FILE\=/Users/ka/Library/Developer/Xcode/DerivedData/ModuleCache.noindex/Session.modulevalidation
    export CLANG_PROFILE_DATA_DIRECTORY\=/Users/ka/Library/Developer/Xcode/DerivedData/TaskPaper-fkdpctjeinjdwjgtefknnknzfcok/Build/ProfileData
    export CLANG_WARN_BLOCK_CAPTURE_AUTORELEASING\=YES
    export CLANG_WARN_BOOL_CONVERSION\=YES
    export CLANG_WARN_COMMA\=YES
    export CLANG_WARN_CONSTANT_CONVERSION\=YES
    export CLANG_WARN_DEPRECATED_OBJC_IMPLEMENTATIONS\=YES
    export CLANG_WARN_DIRECT_OBJC_ISA_USAGE\=YES_ERROR
    export CLANG_WARN_EMPTY_BODY\=YES
    export CLANG_WARN_ENUM_CONVERSION\=YES
    export CLANG_WARN_INFINITE_RECURSION\=YES
    export CLANG_WARN_INT_CONVERSION\=YES
    export CLANG_WARN_NON_LITERAL_NULL_CONVERSION\=YES
    export CLANG_WARN_OBJC_IMPLICIT_RETAIN_SELF\=YES
    export CLANG_WARN_OBJC_LITERAL_CONVERSION\=YES
    export CLANG_WARN_OBJC_ROOT_CLASS\=YES_ERROR
    export CLANG_WARN_QUOTED_INCLUDE_IN_FRAMEWORK_HEADER\=YES
    export CLANG_WARN_RANGE_LOOP_ANALYSIS\=YES
    export CLANG_WARN_STRICT_PROTOTYPES\=YES
    export CLANG_WARN_SUSPICIOUS_MOVE\=YES
    export CLANG_WARN_UNREACHABLE_CODE\=YES
    export CLANG_WARN__DUPLICATE_METHOD_MATCH\=YES
    export CLASS_FILE_DIR\=/Users/ka/Library/Developer/Xcode/DerivedData/TaskPaper-fkdpctjeinjdwjgtefknnknzfcok/Build/Intermediates.noindex/TaskPaper.build/Debug/TaskPaper.build/JavaClasses
    export CLEAN_PRECOMPS\=YES
    export CLONE_HEADERS\=NO
    export CODESIGNING_FOLDER_PATH\=/Users/ka/Library/Developer/Xcode/DerivedData/TaskPaper-fkdpctjeinjdwjgtefknnknzfcok/Build/Products/Debug/TaskPaper.app
    export CODE_SIGNING_ALLOWED\=NO
    export CODE_SIGNING_REQUIRED\=NO
    export CODE_SIGN_ENTITLEMENTS\=TaskPaper/TaskPaper.entitlements
    export CODE_SIGN_IDENTITY_NO\=Apple\ Development
    export CODE_SIGN_IDENTITY_YES\=-
    export CODE_SIGN_INJECT_BASE_ENTITLEMENTS\=YES
    export CODE_SIGN_STYLE\=Automatic
    export COLOR_DIAGNOSTICS\=NO
    export COMBINE_HIDPI_IMAGES\=YES
    export COMPILATION_CACHE_CAS_PATH\=/Users/ka/Library/Developer/Xcode/DerivedData/CompilationCache.noindex
    export COMPILATION_CACHE_KEEP_CAS_DIRECTORY\=YES
    export COMPILER_INDEX_STORE_ENABLE\=Default
    export COMPOSITE_SDK_DIRS\=/Users/ka/Library/Developer/Xcode/DerivedData/TaskPaper-fkdpctjeinjdwjgtefknnknzfcok/Build/Intermediates.noindex/CompositeSDKs
    export COMPRESS_PNG_FILES\=NO
    export CONFIGURATION\=Debug
    export CONFIGURATION_BUILD_DIR\=/Users/ka/Library/Developer/Xcode/DerivedData/TaskPaper-fkdpctjeinjdwjgtefknnknzfcok/Build/Products/Debug
    export CONFIGURATION_TEMP_DIR\=/Users/ka/Library/Developer/Xcode/DerivedData/TaskPaper-fkdpctjeinjdwjgtefknnknzfcok/Build/Intermediates.noindex/TaskPaper.build/Debug
    export CONTENTS_FOLDER_PATH\=TaskPaper.app/Contents
    export CONTENTS_FOLDER_PATH_SHALLOW_BUNDLE_NO\=TaskPaper.app/Contents
    export CONTENTS_FOLDER_PATH_SHALLOW_BUNDLE_YES\=TaskPaper.app
    export COPYING_PRESERVES_HFS_DATA\=NO
    export COPY_HEADERS_RUN_UNIFDEF\=NO
    export COPY_PHASE_STRIP\=NO
    export CP\=/bin/cp
    export CREATE_INFOPLIST_SECTION_IN_BINARY\=NO
    export CURRENT_ARCH\=undefined_arch
    export CURRENT_PROJECT_VERSION\=485
    export CURRENT_VARIANT\=normal
    export DEAD_CODE_STRIPPING\=YES
    export DEBUGGING_SYMBOLS\=YES
    export DEBUG_INFORMATION_FORMAT\=dwarf
    export DEBUG_INFORMATION_VERSION\=compiler-default
    export DEFAULT_COMPILER\=com.apple.compilers.llvm.clang.1_0
    export DEFAULT_DEXT_INSTALL_PATH\=/System/Library/DriverExtensions
    export DEFAULT_KEXT_INSTALL_PATH\=/System/Library/Extensions
    export DEFINES_MODULE\=YES
    export DEPLOYMENT_LOCATION\=NO
    export DEPLOYMENT_POSTPROCESSING\=NO
    export DEPLOYMENT_TARGET_SETTING_NAME\=MACOSX_DEPLOYMENT_TARGET
    export DEPLOYMENT_TARGET_SUGGESTED_VALUES\=10.13\ 10.14\ 10.15\ 11.0\ 11.1\ 11.2\ 11.3\ 11.4\ 11.5\ 12.0\ 12.2\ 12.3\ 12.4\ 13.0\ 13.1\ 13.2\ 13.3\ 13.4\ 13.5\ 14.0\ 14.1\ 14.2\ 14.3\ 14.4\ 14.5\ 14.6\ 15.0\ 15.1\ 15.2\ 15.3\ 15.4\ 15.5\ 15.6\ 26.0
    export DERIVED_FILES_DIR\=/Users/ka/Library/Developer/Xcode/DerivedData/TaskPaper-fkdpctjeinjdwjgtefknnknzfcok/Build/Intermediates.noindex/TaskPaper.build/Debug/TaskPaper.build/DerivedSources
    export DERIVED_FILE_DIR\=/Users/ka/Library/Developer/Xcode/DerivedData/TaskPaper-fkdpctjeinjdwjgtefknnknzfcok/Build/Intermediates.noindex/TaskPaper.build/Debug/TaskPaper.build/DerivedSources
    export DERIVED_SOURCES_DIR\=/Users/ka/Library/Developer/Xcode/DerivedData/TaskPaper-fkdpctjeinjdwjgtefknnknzfcok/Build/Intermediates.noindex/TaskPaper.build/Debug/TaskPaper.build/DerivedSources
    export DEVELOPER_APPLICATIONS_DIR\=/Applications/Xcode.app/Contents/Developer/Applications
    export DEVELOPER_BIN_DIR\=/Applications/Xcode.app/Contents/Developer/usr/bin
    export DEVELOPER_DIR\=/Applications/Xcode.app/Contents/Developer
    export DEVELOPER_FRAMEWORKS_DIR\=/Applications/Xcode.app/Contents/Developer/Library/Frameworks
    export DEVELOPER_FRAMEWORKS_DIR_QUOTED\=/Applications/Xcode.app/Contents/Developer/Library/Frameworks
    export DEVELOPER_LIBRARY_DIR\=/Applications/Xcode.app/Contents/Developer/Library
    export DEVELOPER_SDK_DIR\=/Applications/Xcode.app/Contents/Developer/Platforms/MacOSX.platform/Developer/SDKs
    export DEVELOPER_TOOLS_DIR\=/Applications/Xcode.app/Contents/Developer/Tools
    export DEVELOPER_USR_DIR\=/Applications/Xcode.app/Contents/Developer/usr
    export DEVELOPMENT_LANGUAGE\=en
    export DEVELOPMENT_TEAM\=64A5CLJP5W
    export DIAGNOSE_MISSING_TARGET_DEPENDENCIES\=YES
    export DIFF\=/usr/bin/diff
    export DOCUMENTATION_FOLDER_PATH\=TaskPaper.app/Contents/Resources/en.lproj/Documentation
    export DONT_GENERATE_INFOPLIST_FILE\=NO
    export DSTROOT\=/tmp/TaskPaper.dst
    export DT_TOOLCHAIN_DIR\=/Applications/Xcode.app/Contents/Developer/Toolchains/XcodeDefault.xctoolchain
    export DWARF_DSYM_FILE_NAME\=TaskPaper.app.dSYM
    export DWARF_DSYM_FILE_SHOULD_ACCOMPANY_PRODUCT\=NO
    export DWARF_DSYM_FOLDER_PATH\=/Users/ka/Library/Developer/Xcode/DerivedData/TaskPaper-fkdpctjeinjdwjgtefknnknzfcok/Build/Products/Debug
    export DYNAMIC_LIBRARY_EXTENSION\=dylib
    export EAGER_COMPILATION_ALLOW_SCRIPTS\=NO
    export EAGER_LINKING\=NO
    export EMBEDDED_CONTENT_CONTAINS_SWIFT\=NO
    export EMBEDDED_PROFILE_NAME\=embedded.provisionprofile
    export EMBED_ASSET_PACKS_IN_PRODUCT_BUNDLE\=NO
    export ENABLE_APP_SANDBOX\=NO
    export ENABLE_CODE_COVERAGE\=YES
    export ENABLE_CPLUSPLUS_BOUNDS_SAFE_BUFFERS\=NO
    export ENABLE_C_BOUNDS_SAFETY\=NO
    export ENABLE_DEBUG_DYLIB\=YES
    export ENABLE_DEFAULT_HEADER_SEARCH_PATHS\=YES
    export ENABLE_DEFAULT_SEARCH_PATHS\=YES
    export ENABLE_ENHANCED_SECURITY\=NO
    export ENABLE_HARDENED_RUNTIME\=YES
    export ENABLE_HEADER_DEPENDENCIES\=YES
    export ENABLE_INCOMING_NETWORK_CONNECTIONS\=NO
    export ENABLE_MODULE_VERIFIER\=YES
    export ENABLE_ON_DEMAND_RESOURCES\=NO
    export ENABLE_OUTGOING_NETWORK_CONNECTIONS\=NO
    export ENABLE_POINTER_AUTHENTICATION\=NO
    export ENABLE_PREVIEWS\=NO
    export ENABLE_RESOURCE_ACCESS_AUDIO_INPUT\=NO
    export ENABLE_RESOURCE_ACCESS_BLUETOOTH\=NO
    export ENABLE_RESOURCE_ACCESS_CALENDARS\=NO
    export ENABLE_RESOURCE_ACCESS_CAMERA\=NO
    export ENABLE_RESOURCE_ACCESS_CONTACTS\=NO
    export ENABLE_RESOURCE_ACCESS_LOCATION\=NO
    export ENABLE_RESOURCE_ACCESS_PHOTO_LIBRARY\=NO
    export ENABLE_RESOURCE_ACCESS_PRINTING\=NO
    export ENABLE_RESOURCE_ACCESS_USB\=NO
    export ENABLE_SDK_IMPORTS\=NO
    export ENABLE_SECURITY_COMPILER_WARNINGS\=NO
    export ENABLE_STRICT_OBJC_MSGSEND\=YES
    export ENABLE_TESTABILITY\=YES
    export ENABLE_TESTING_SEARCH_PATHS\=NO
    export ENABLE_THREAD_SANITIZER\=YES
    export ENABLE_USER_SCRIPT_SANDBOXING\=NO
    export ENABLE_XOJIT_PREVIEWS\=YES
    export ENFORCE_VALID_ARCHS\=YES
    export ENTITLEMENTS_ALLOWED\=YES
    export ENTITLEMENTS_DESTINATION\=Signature
    export ENTITLEMENTS_REQUIRED\=NO
    export EXCLUDED_INSTALLSRC_SUBDIRECTORY_PATTERNS\=.DS_Store\ .svn\ .git\ .hg\ CVS
    export EXCLUDED_RECURSIVE_SEARCH_PATH_SUBDIRECTORIES\=\*.nib\ \*.lproj\ \*.framework\ \*.gch\ \*.xcode\*\ \*.xcassets\ \*.icon\ \(\*\)\ .DS_Store\ CVS\ .svn\ .git\ .hg\ \*.pbproj\ \*.pbxproj
    export EXECUTABLES_FOLDER_PATH\=TaskPaper.app/Contents/Executables
    export EXECUTABLE_BLANK_INJECTION_DYLIB_PATH\=TaskPaper.app/Contents/MacOS/__preview.dylib
    export EXECUTABLE_DEBUG_DYLIB_INSTALL_NAME\=@rpath/TaskPaper.debug.dylib
    export EXECUTABLE_DEBUG_DYLIB_PATH\=TaskPaper.app/Contents/MacOS/TaskPaper.debug.dylib
    export EXECUTABLE_FOLDER_PATH\=TaskPaper.app/Contents/MacOS
    export EXECUTABLE_FOLDER_PATH_SHALLOW_BUNDLE_NO\=TaskPaper.app/Contents/MacOS
    export EXECUTABLE_FOLDER_PATH_SHALLOW_BUNDLE_YES\=TaskPaper.app/Contents
    export EXECUTABLE_NAME\=TaskPaper
    export EXECUTABLE_PATH\=TaskPaper.app/Contents/MacOS/TaskPaper
    export EXTENSIONS_FOLDER_PATH\=TaskPaper.app/Contents/Extensions
    export FILE_LIST\=/Users/ka/Library/Developer/Xcode/DerivedData/TaskPaper-fkdpctjeinjdwjgtefknnknzfcok/Build/Intermediates.noindex/TaskPaper.build/Debug/TaskPaper.build/Objects/LinkFileList
    export FIXED_FILES_DIR\=/Users/ka/Library/Developer/Xcode/DerivedData/TaskPaper-fkdpctjeinjdwjgtefknnknzfcok/Build/Intermediates.noindex/TaskPaper.build/Debug/TaskPaper.build/FixedFiles
    export FRAMEWORKS_FOLDER_PATH\=TaskPaper.app/Contents/Frameworks
    export FRAMEWORK_FLAG_PREFIX\=-framework
    export FRAMEWORK_SEARCH_PATHS\=/Users/ka/Library/Developer/Xcode/DerivedData/TaskPaper-fkdpctjeinjdwjgtefknnknzfcok/Build/Products/Debug\ 
    export FRAMEWORK_VERSION\=A
    export FULL_PRODUCT_NAME\=TaskPaper.app
    export FUSE_BUILD_PHASES\=YES
    export FUSE_BUILD_SCRIPT_PHASES\=NO
    export GCC3_VERSION\=3.3
    export GCC_C_LANGUAGE_STANDARD\=gnu99
    export GCC_DYNAMIC_NO_PIC\=NO
    export GCC_INLINES_ARE_PRIVATE_EXTERN\=YES
    export GCC_NO_COMMON_BLOCKS\=YES
    export GCC_OPTIMIZATION_LEVEL\=0
    export GCC_PFE_FILE_C_DIALECTS\=c\ objective-c\ c++\ objective-c++
    export GCC_PREPROCESSOR_DEFINITIONS\=DEBUG\=1
    export GCC_SYMBOLS_PRIVATE_EXTERN\=NO
    export GCC_TREAT_WARNINGS_AS_ERRORS\=NO
    export GCC_VERSION\=com.apple.compilers.llvm.clang.1_0
    export GCC_VERSION_IDENTIFIER\=com_apple_compilers_llvm_clang_1_0
    export GCC_WARN_64_TO_32_BIT_CONVERSION\=YES
    export GCC_WARN_ABOUT_RETURN_TYPE\=YES_ERROR
    export GCC_WARN_UNDECLARED_SELECTOR\=YES
    export GCC_WARN_UNINITIALIZED_AUTOS\=YES_AGGRESSIVE
    export GCC_WARN_UNUSED_FUNCTION\=YES
    export GCC_WARN_UNUSED_VARIABLE\=YES
    export GENERATED_MODULEMAP_DIR\=/Users/ka/Library/Developer/Xcode/DerivedData/TaskPaper-fkdpctjeinjdwjgtefknnknzfcok/Build/Intermediates.noindex/GeneratedModuleMaps
    export GENERATE_INFOPLIST_FILE\=NO
    export GENERATE_INTERMEDIATE_TEXT_BASED_STUBS\=YES
    export GENERATE_PKGINFO_FILE\=YES
    export GENERATE_PRELINK_OBJECT_FILE\=NO
    export GENERATE_PROFILING_CODE\=NO
    export GENERATE_TEXT_BASED_STUBS\=NO
    export GID\=20
    export GROUP\=staff
    export HEADERMAP_INCLUDES_FLAT_ENTRIES_FOR_TARGET_BEING_BUILT\=YES
    export HEADERMAP_INCLUDES_FRAMEWORK_ENTRIES_FOR_ALL_PRODUCT_TYPES\=YES
    export HEADERMAP_INCLUDES_FRAMEWORK_ENTRIES_FOR_TARGETS_NOT_BEING_BUILT\=YES
    export HEADERMAP_INCLUDES_NONPUBLIC_NONPRIVATE_HEADERS\=YES
    export HEADERMAP_INCLUDES_PROJECT_HEADERS\=YES
    export HEADERMAP_USES_FRAMEWORK_PREFIX_ENTRIES\=YES
    export HEADERMAP_USES_VFS\=YES
    export HEADER_SEARCH_PATHS\=/Users/ka/Library/Developer/Xcode/DerivedData/TaskPaper-fkdpctjeinjdwjgtefknnknzfcok/Build/Products/Debug/include\ 
    export HOME\=/Users/ka
    export HOST_ARCH\=arm64
    export HOST_PLATFORM\=macosx
    export ICONV\=/usr/bin/iconv
    export IMPLICIT_DEPENDENCY_DOMAIN\=default
    export INFOPLIST_ENABLE_CFBUNDLEICONS_MERGE\=YES
    export INFOPLIST_EXPAND_BUILD_SETTINGS\=YES
    export INFOPLIST_FILE\=/Users/ka/Downloads/2025-11-07\ TaskPaper\ Repo/TaskPaper/TaskPaper/TaskPaper-Info.plist
    export INFOPLIST_OUTPUT_FORMAT\=same-as-input
    export INFOPLIST_PATH\=TaskPaper.app/Contents/Info.plist
    export INFOPLIST_PREPROCESS\=NO
    export INFOSTRINGS_PATH\=TaskPaper.app/Contents/Resources/en.lproj/InfoPlist.strings
    export INLINE_PRIVATE_FRAMEWORKS\=NO
    export INSTALLAPI_IGNORE_SKIP_INSTALL\=YES
    export INSTALLHDRS_COPY_PHASE\=NO
    export INSTALLHDRS_SCRIPT_PHASE\=NO
    export INSTALL_DIR\=/tmp/TaskPaper.dst/Applications
    export INSTALL_GROUP\=staff
    export INSTALL_MODE_FLAG\=u+w,go-w,a+rX
    export INSTALL_OWNER\=ka
    export INSTALL_PATH\=/Applications
    export INSTALL_ROOT\=/tmp/TaskPaper.dst
    export IOS_UNZIPPERED_TWIN_PREFIX_PATH\=/System/iOSSupport
    export IS_MACCATALYST\=NO
    export IS_UNOPTIMIZED_BUILD\=YES
    export JAVAC_DEFAULT_FLAGS\=-J-Xms64m\ -J-XX:NewSize\=4M\ -J-Dfile.encoding\=UTF8
    export JAVA_APP_STUB\=/System/Library/Frameworks/JavaVM.framework/Resources/MacOS/JavaApplicationStub
    export JAVA_ARCHIVE_CLASSES\=YES
    export JAVA_ARCHIVE_TYPE\=JAR
    export JAVA_COMPILER\=/usr/bin/javac
    export JAVA_FOLDER_PATH\=TaskPaper.app/Contents/Resources/Java
    export JAVA_FRAMEWORK_RESOURCES_DIRS\=Resources
    export JAVA_JAR_FLAGS\=cv
    export JAVA_SOURCE_SUBDIR\=.
    export JAVA_USE_DEPENDENCIES\=YES
    export JAVA_ZIP_FLAGS\=-urg
    export JIKES_DEFAULT_FLAGS\=+E\ +OLDCSO
    export KASAN_CFLAGS_CLASSIC\=-DKASAN\=1\ -DKASAN_CLASSIC\=1\ -fsanitize\=address\ -mllvm\ -asan-globals-live-support\ -mllvm\ -asan-force-dynamic-shadow
    export KASAN_CFLAGS_TBI\=-DKASAN\=1\ -DKASAN_TBI\=1\ -fsanitize\=kernel-hwaddress\ -mllvm\ -hwasan-recover\=0\ -mllvm\ -hwasan-instrument-atomics\=0\ -mllvm\ -hwasan-instrument-stack\=1\ -mllvm\ -hwasan-generate-tags-with-calls\=1\ -mllvm\ -hwasan-instrument-with-calls\=1\ -mllvm\ -hwasan-use-short-granules\=0\ -mllvm\ -hwasan-memory-access-callback-prefix\=__asan_
    export KASAN_DEFAULT_CFLAGS\=-DKASAN\=1\ -DKASAN_CLASSIC\=1\ -fsanitize\=address\ -mllvm\ -asan-globals-live-support\ -mllvm\ -asan-force-dynamic-shadow
    export KEEP_PRIVATE_EXTERNS\=NO
    export LD_DEPENDENCY_INFO_FILE\=/Users/ka/Library/Developer/Xcode/DerivedData/TaskPaper-fkdpctjeinjdwjgtefknnknzfcok/Build/Intermediates.noindex/TaskPaper.build/Debug/TaskPaper.build/Objects-normal-tsan/undefined_arch/TaskPaper_dependency_info.dat
    export LD_EXPORT_SYMBOLS\=YES
    export LD_GENERATE_MAP_FILE\=NO
    export LD_MAP_FILE_PATH\=/Users/ka/Library/Developer/Xcode/DerivedData/TaskPaper-fkdpctjeinjdwjgtefknnknzfcok/Build/Intermediates.noindex/TaskPaper.build/Debug/TaskPaper.build/TaskPaper-LinkMap-normal-undefined_arch.txt
    export LD_NO_PIE\=NO
    export LD_QUOTE_LINKER_ARGUMENTS_FOR_COMPILER_DRIVER\=YES
    export LD_RUNPATH_SEARCH_PATHS\=\ @executable_path/../Frameworks
    export LD_RUNPATH_SEARCH_PATHS_YES\=@loader_path/../Frameworks
    export LD_SHARED_CACHE_ELIGIBLE\=Automatic
    export LD_WARN_DUPLICATE_LIBRARIES\=NO
    export LD_WARN_UNUSED_DYLIBS\=NO
    export LEGACY_DEVELOPER_DIR\=/Applications/Xcode.app/Contents/PlugIns/Xcode3Core.ideplugin/Contents/SharedSupport/Developer
    export LEX\=lex
    export LIBRARY_DEXT_INSTALL_PATH\=/Library/DriverExtensions
    export LIBRARY_FLAG_NOSPACE\=YES
    export LIBRARY_FLAG_PREFIX\=-l
    export LIBRARY_KEXT_INSTALL_PATH\=/Library/Extensions
    export LIBRARY_SEARCH_PATHS\=/Users/ka/Library/Developer/Xcode/DerivedData/TaskPaper-fkdpctjeinjdwjgtefknnknzfcok/Build/Products/Debug\ 
    export LINKER_DISPLAYS_MANGLED_NAMES\=NO
    export LINK_FILE_LIST_normal_arm64\=/Users/ka/Library/Developer/Xcode/DerivedData/TaskPaper-fkdpctjeinjdwjgtefknnknzfcok/Build/Intermediates.noindex/TaskPaper.build/Debug/TaskPaper.build/Objects-normal/arm64/TaskPaper.LinkFileList
    export LINK_OBJC_RUNTIME\=YES
    export LINK_WITH_STANDARD_LIBRARIES\=YES
    export LLVM_TARGET_TRIPLE_OS_VERSION\=macos11.5
    export LLVM_TARGET_TRIPLE_OS_VERSION_NO\=macos11.5
    export LLVM_TARGET_TRIPLE_OS_VERSION_YES\=macos26.0
    export LLVM_TARGET_TRIPLE_VENDOR\=apple
    export LM_AUX_CONST_METADATA_LIST_PATH_normal_arm64\=/Users/ka/Library/Developer/Xcode/DerivedData/TaskPaper-fkdpctjeinjdwjgtefknnknzfcok/Build/Intermediates.noindex/TaskPaper.build/Debug/TaskPaper.build/Objects-normal/arm64/TaskPaper.SwiftConstValuesFileList
    export LOCALIZATION_EXPORT_SUPPORTED\=YES
    export LOCALIZATION_PREFERS_STRING_CATALOGS\=NO
    export LOCALIZED_RESOURCES_FOLDER_PATH\=TaskPaper.app/Contents/Resources/en.lproj
    export LOCALIZED_STRING_MACRO_NAMES\=NSLocalizedString\ CFCopyLocalizedString
    export LOCALIZED_STRING_SWIFTUI_SUPPORT\=YES
    export LOCAL_ADMIN_APPS_DIR\=/Applications/Utilities
    export LOCAL_APPS_DIR\=/Applications
    export LOCAL_DEVELOPER_DIR\=/Library/Developer
    export LOCAL_LIBRARY_DIR\=/Library
    export LOCROOT\=/Users/ka/Downloads/2025-11-07\ TaskPaper\ Repo/TaskPaper
    export LOCSYMROOT\=/Users/ka/Downloads/2025-11-07\ TaskPaper\ Repo/TaskPaper
    export MACH_O_TYPE\=mh_execute
    export MACOSX_DEPLOYMENT_TARGET\=11.5
    export MAC_OS_X_PRODUCT_BUILD_VERSION\=25A362
    export MAC_OS_X_VERSION_ACTUAL\=260001
    export MAC_OS_X_VERSION_MAJOR\=260000
    export MAC_OS_X_VERSION_MINOR\=260000
    export MAKE_MERGEABLE\=NO
    export MARKETING_VERSION\=3.9.4
    export MERGEABLE_LIBRARY\=NO
    export MERGED_BINARY_TYPE\=none
    export MERGE_LINKED_LIBRARIES\=NO
    export METAL_LIBRARY_FILE_BASE\=default
    export METAL_LIBRARY_OUTPUT_DIR\=/Users/ka/Library/Developer/Xcode/DerivedData/TaskPaper-fkdpctjeinjdwjgtefknnknzfcok/Build/Products/Debug/TaskPaper.app/Contents/Resources
    export MODULES_FOLDER_PATH\=TaskPaper.app/Contents/Modules
    export MODULE_CACHE_DIR\=/Users/ka/Library/Developer/Xcode/DerivedData/ModuleCache.noindex
    export MODULE_VERIFIER_SUPPORTED_LANGUAGES\=objective-c\ objective-c++
    export MODULE_VERIFIER_SUPPORTED_LANGUAGE_STANDARDS\=gnu99\ gnu++11
    export MTL_ENABLE_DEBUG_INFO\=YES
    export NATIVE_ARCH\=arm64
    export NATIVE_ARCH_32_BIT\=arm
    export NATIVE_ARCH_64_BIT\=arm64
    export NATIVE_ARCH_ACTUAL\=arm64
    export NO_COMMON\=YES
    export OBJECT_FILE_DIR\=/Users/ka/Library/Developer/Xcode/DerivedData/TaskPaper-fkdpctjeinjdwjgtefknnknzfcok/Build/Intermediates.noindex/TaskPaper.build/Debug/TaskPaper.build/Objects
    export OBJECT_FILE_DIR_normal\=/Users/ka/Library/Developer/Xcode/DerivedData/TaskPaper-fkdpctjeinjdwjgtefknnknzfcok/Build/Intermediates.noindex/TaskPaper.build/Debug/TaskPaper.build/Objects-normal-tsan
    export OBJROOT\=/Users/ka/Library/Developer/Xcode/DerivedData/TaskPaper-fkdpctjeinjdwjgtefknnknzfcok/Build/Intermediates.noindex
    export ONLY_ACTIVE_ARCH\=YES
    export OS\=MACOS
    export OSAC\=/usr/bin/osacompile
    export OTHER_SWIFT_FLAGS\=-DDEBUG
    export PACKAGE_TYPE\=com.apple.package-type.wrapper.application
    export PASCAL_STRINGS\=YES
    export PATH\=/Applications/Xcode.app/Contents/SharedFrameworks/SwiftBuild.framework/Versions/A/PlugIns/SWBBuildService.bundle/Contents/PlugIns/SWBUniversalPlatformPlugin.bundle/Contents/Frameworks/SWBUniversalPlatform.framework/Resources:/Applications/Xcode.app/Contents/Developer/Toolchains/XcodeDefault.xctoolchain/usr/bin:/Applications/Xcode.app/Contents/Developer/Toolchains/XcodeDefault.xctoolchain/usr/local/bin:/Applications/Xcode.app/Contents/Developer/Toolchains/XcodeDefault.xctoolchain/usr/libexec:/Applications/Xcode.app/Contents/Developer/Platforms/MacOSX.platform/usr/bin:/Applications/Xcode.app/Contents/Developer/Platforms/MacOSX.platform/usr/local/bin:/Applications/Xcode.app/Contents/Developer/Platforms/MacOSX.platform/Developer/usr/bin:/Applications/Xcode.app/Contents/Developer/Platforms/MacOSX.platform/Developer/usr/local/bin:/Applications/Xcode.app/Contents/Developer/usr/bin:/Applications/Xcode.app/Contents/Developer/usr/local/bin:/opt/homebrew/opt/ruby/bin:/opt/homebrew/bin:/opt/homebrew/sbin:/usr/local/bin:/System/Cryptexes/App/usr/bin:/usr/bin:/bin:/usr/sbin:/sbin:/var/run/com.apple.security.cryptexd/codex.system/bootstrap/usr/local/bin:/var/run/com.apple.security.cryptexd/codex.system/bootstrap/usr/bin:/var/run/com.apple.security.cryptexd/codex.system/bootstrap/usr/appleinternal/bin:/Library/Apple/usr/bin:/Library/TeX/texbin:/opt/homebrew/anaconda3/bin:/opt/homebrew/anaconda3/condabin:/Users/ka/.cargo/bin:/Users/ka/.local/bin:/Users/ka/.orbstack/bin:/opt/homebrew/opt/openjdk@17/bin:/opt/homebrew/lib/ruby/gems/3.4.0/bin:/Applications/screenpipe.app/Contents/MacOS:/Users/ka/.bun/bin:/Users/ka/.codeium/windsurf/bin:/Users/ka/.lmstudio/bin:/Users/ka/.cabal/bin:/Users/ka/.ghcup/bin:/Users/ka/Library/Android/sdk/emulator:/Users/ka/Library/Android/sdk/platform-tools
    export PATH_PREFIXES_EXCLUDED_FROM_HEADER_DEPENDENCIES\=/usr/include\ /usr/local/include\ /System/Library/Frameworks\ /System/Library/PrivateFrameworks\ /Applications/Xcode.app/Contents/Developer/Headers\ /Applications/Xcode.app/Contents/Developer/SDKs\ /Applications/Xcode.app/Contents/Developer/Platforms
    export PBDEVELOPMENTPLIST_PATH\=TaskPaper.app/Contents/pbdevelopment.plist
    export PER_ARCH_MODULE_FILE_DIR\=/Users/ka/Library/Developer/Xcode/DerivedData/TaskPaper-fkdpctjeinjdwjgtefknnknzfcok/Build/Intermediates.noindex/TaskPaper.build/Debug/TaskPaper.build/Objects-normal-tsan/undefined_arch
    export PER_ARCH_OBJECT_FILE_DIR\=/Users/ka/Library/Developer/Xcode/DerivedData/TaskPaper-fkdpctjeinjdwjgtefknnknzfcok/Build/Intermediates.noindex/TaskPaper.build/Debug/TaskPaper.build/Objects-normal-tsan/undefined_arch
    export PER_VARIANT_OBJECT_FILE_DIR\=/Users/ka/Library/Developer/Xcode/DerivedData/TaskPaper-fkdpctjeinjdwjgtefknnknzfcok/Build/Intermediates.noindex/TaskPaper.build/Debug/TaskPaper.build/Objects-normal-tsan
    export PKGINFO_FILE_PATH\=/Users/ka/Library/Developer/Xcode/DerivedData/TaskPaper-fkdpctjeinjdwjgtefknnknzfcok/Build/Intermediates.noindex/TaskPaper.build/Debug/TaskPaper.build/PkgInfo
    export PKGINFO_PATH\=TaskPaper.app/Contents/PkgInfo
    export PLATFORM_DEVELOPER_APPLICATIONS_DIR\=/Applications/Xcode.app/Contents/Developer/Applications
    export PLATFORM_DEVELOPER_BIN_DIR\=/Applications/Xcode.app/Contents/Developer/usr/bin
    export PLATFORM_DEVELOPER_LIBRARY_DIR\=/Applications/Xcode.app/Contents/Developer/Library
    export PLATFORM_DEVELOPER_SDK_DIR\=/Applications/Xcode.app/Contents/Developer/Platforms/MacOSX.platform/Developer/SDKs
    export PLATFORM_DEVELOPER_TOOLS_DIR\=/Applications/Xcode.app/Contents/Developer/Tools
    export PLATFORM_DEVELOPER_USR_DIR\=/Applications/Xcode.app/Contents/Developer/usr
    export PLATFORM_DIR\=/Applications/Xcode.app/Contents/Developer/Platforms/MacOSX.platform
    export PLATFORM_DISPLAY_NAME\=macOS
    export PLATFORM_FAMILY_NAME\=macOS
    export PLATFORM_NAME\=macosx
    export PLATFORM_PREFERRED_ARCH\=x86_64
    export PLATFORM_PRODUCT_BUILD_VERSION\=25A352
    export PLATFORM_REQUIRES_SWIFT_AUTOLINK_EXTRACT\=NO
    export PLATFORM_REQUIRES_SWIFT_MODULEWRAP\=NO
    export PLIST_FILE_OUTPUT_FORMAT\=same-as-input
    export PLUGINS_FOLDER_PATH\=TaskPaper.app/Contents/PlugIns
    export PRECOMPS_INCLUDE_HEADERS_FROM_BUILT_PRODUCTS_DIR\=YES
    export PRECOMP_DESTINATION_DIR\=/Users/ka/Library/Developer/Xcode/DerivedData/TaskPaper-fkdpctjeinjdwjgtefknnknzfcok/Build/Intermediates.noindex/TaskPaper.build/Debug/TaskPaper.build/PrefixHeaders
    export PRIVATE_HEADERS_FOLDER_PATH\=TaskPaper.app/Contents/PrivateHeaders
    export PROCESSED_INFOPLIST_PATH\=/Users/ka/Library/Developer/Xcode/DerivedData/TaskPaper-fkdpctjeinjdwjgtefknnknzfcok/Build/Intermediates.noindex/TaskPaper.build/Debug/TaskPaper.build/Objects-normal/undefined_arch/Processed-Info.plist
    export PRODUCT_BUNDLE_IDENTIFIER\=com.hogbaysoftware.TaskPaper3
    export PRODUCT_BUNDLE_PACKAGE_TYPE\=APPL
    export PRODUCT_MODULE_NAME\=TaskPaper
    export PRODUCT_NAME\=TaskPaper
    export PRODUCT_SETTINGS_PATH\=/Users/ka/Downloads/2025-11-07\ TaskPaper\ Repo/TaskPaper/TaskPaper/TaskPaper-Info.plist
    export PRODUCT_TYPE\=com.apple.product-type.application
    export PROFILING_CODE\=NO
    export PROJECT\=TaskPaper
    export PROJECT_DERIVED_FILE_DIR\=/Users/ka/Library/Developer/Xcode/DerivedData/TaskPaper-fkdpctjeinjdwjgtefknnknzfcok/Build/Intermediates.noindex/TaskPaper.build/DerivedSources
    export PROJECT_DIR\=/Users/ka/Downloads/2025-11-07\ TaskPaper\ Repo/TaskPaper
    export PROJECT_FILE_PATH\=/Users/ka/Downloads/2025-11-07\ TaskPaper\ Repo/TaskPaper/TaskPaper.xcodeproj
    export PROJECT_GUID\=c46132061d9ff605537ef59aa05c88e7
    export PROJECT_NAME\=TaskPaper
    export PROJECT_TEMP_DIR\=/Users/ka/Library/Developer/Xcode/DerivedData/TaskPaper-fkdpctjeinjdwjgtefknnknzfcok/Build/Intermediates.noindex/TaskPaper.build
    export PROJECT_TEMP_ROOT\=/Users/ka/Library/Developer/Xcode/DerivedData/TaskPaper-fkdpctjeinjdwjgtefknnknzfcok/Build/Intermediates.noindex
    export PROVISIONING_PROFILE_REQUIRED\=NO
    export PROVISIONING_PROFILE_REQUIRED_YES_YES\=YES
    export PROVISIONING_PROFILE_SUPPORTED\=YES
    export PUBLIC_HEADERS_FOLDER_PATH\=TaskPaper.app/Contents/Headers
    export RECOMMENDED_MACOSX_DEPLOYMENT_TARGET\=11.0
    export RECURSIVE_SEARCH_PATHS_FOLLOW_SYMLINKS\=YES
    export REMOVE_CVS_FROM_RESOURCES\=YES
    export REMOVE_GIT_FROM_RESOURCES\=YES
    export REMOVE_HEADERS_FROM_EMBEDDED_BUNDLES\=YES
    export REMOVE_HG_FROM_RESOURCES\=YES
    export REMOVE_STATIC_EXECUTABLES_FROM_EMBEDDED_BUNDLES\=YES
    export REMOVE_SVN_FROM_RESOURCES\=YES
    export RESCHEDULE_INDEPENDENT_HEADERS_PHASES\=YES
    export REZ_COLLECTOR_DIR\=/Users/ka/Library/Developer/Xcode/DerivedData/TaskPaper-fkdpctjeinjdwjgtefknnknzfcok/Build/Intermediates.noindex/TaskPaper.build/Debug/TaskPaper.build/ResourceManagerResources
    export REZ_OBJECTS_DIR\=/Users/ka/Library/Developer/Xcode/DerivedData/TaskPaper-fkdpctjeinjdwjgtefknnknzfcok/Build/Intermediates.noindex/TaskPaper.build/Debug/TaskPaper.build/ResourceManagerResources/Objects
    export REZ_SEARCH_PATHS\=/Users/ka/Library/Developer/Xcode/DerivedData/TaskPaper-fkdpctjeinjdwjgtefknnknzfcok/Build/Products/Debug\ 
    export RUNTIME_EXCEPTION_ALLOW_DYLD_ENVIRONMENT_VARIABLES\=NO
    export RUNTIME_EXCEPTION_ALLOW_JIT\=NO
    export RUNTIME_EXCEPTION_ALLOW_UNSIGNED_EXECUTABLE_MEMORY\=NO
    export RUNTIME_EXCEPTION_DEBUGGING_TOOL\=NO
    export RUNTIME_EXCEPTION_DISABLE_EXECUTABLE_PAGE_PROTECTION\=NO
    export RUNTIME_EXCEPTION_DISABLE_LIBRARY_VALIDATION\=NO
    export SCAN_ALL_SOURCE_FILES_FOR_INCLUDES\=NO
    export SCRIPTS_FOLDER_PATH\=TaskPaper.app/Contents/Resources/Scripts
    export SCRIPT_INPUT_FILE_COUNT\=0
    export SCRIPT_INPUT_FILE_LIST_COUNT\=0
    export SCRIPT_OUTPUT_FILE_COUNT\=0
    export SCRIPT_OUTPUT_FILE_LIST_COUNT\=0
    export SDKROOT\=/Applications/Xcode.app/Contents/Developer/Platforms/MacOSX.platform/Developer/SDKs/MacOSX26.0.sdk
    export SDK_DIR\=/Applications/Xcode.app/Contents/Developer/Platforms/MacOSX.platform/Developer/SDKs/MacOSX26.0.sdk
    export SDK_DIR_macosx\=/Applications/Xcode.app/Contents/Developer/Platforms/MacOSX.platform/Developer/SDKs/MacOSX26.0.sdk
    export SDK_DIR_macosx26_0\=/Applications/Xcode.app/Contents/Developer/Platforms/MacOSX.platform/Developer/SDKs/MacOSX26.0.sdk
    export SDK_NAME\=macosx26.0
    export SDK_NAMES\=macosx26.0
    export SDK_PRODUCT_BUILD_VERSION\=25A352
    export SDK_STAT_CACHE_DIR\=/Users/ka/Library/Developer/Xcode/DerivedData
    export SDK_STAT_CACHE_ENABLE\=YES
    export SDK_STAT_CACHE_PATH\=/Users/ka/Library/Developer/Xcode/DerivedData/SDKStatCaches.noindex/macosx26.0-25A352-28806144b0707e398aac92880fa50324.sdkstatcache
    export SDK_VERSION\=26.0
    export SDK_VERSION_ACTUAL\=260000
    export SDK_VERSION_MAJOR\=260000
    export SDK_VERSION_MINOR\=260000
    export SED\=/usr/bin/sed
    export SEPARATE_STRIP\=NO
    export SEPARATE_SYMBOL_EDIT\=NO
    export SET_DIR_MODE_OWNER_GROUP\=YES
    export SET_FILE_MODE_OWNER_GROUP\=NO
    export SHALLOW_BUNDLE\=NO
    export SHALLOW_BUNDLE_PLATFORM\=NO
    export SHALLOW_BUNDLE_TRIPLE\=macos
    export SHALLOW_BUNDLE_ios_macabi\=NO
    export SHALLOW_BUNDLE_macos\=NO
    export SHARED_DERIVED_FILE_DIR\=/Users/ka/Library/Developer/Xcode/DerivedData/TaskPaper-fkdpctjeinjdwjgtefknnknzfcok/Build/Products/Debug/DerivedSources
    export SHARED_FRAMEWORKS_FOLDER_PATH\=TaskPaper.app/Contents/SharedFrameworks
    export SHARED_PRECOMPS_DIR\=/Users/ka/Library/Developer/Xcode/DerivedData/TaskPaper-fkdpctjeinjdwjgtefknnknzfcok/Build/Intermediates.noindex/PrecompiledHeaders
    export SHARED_SUPPORT_FOLDER_PATH\=TaskPaper.app/Contents/SharedSupport
    export SKIP_INSTALL\=NO
    export SOURCE_ROOT\=/Users/ka/Downloads/2025-11-07\ TaskPaper\ Repo/TaskPaper
    export SRCROOT\=/Users/ka/Downloads/2025-11-07\ TaskPaper\ Repo/TaskPaper
    export STRINGSDATA_DIR\=/Users/ka/Library/Developer/Xcode/DerivedData/TaskPaper-fkdpctjeinjdwjgtefknnknzfcok/Build/Intermediates.noindex/TaskPaper.build/Debug/TaskPaper.build/Objects-normal-tsan/undefined_arch
    export STRINGSDATA_ROOT\=/Users/ka/Library/Developer/Xcode/DerivedData/TaskPaper-fkdpctjeinjdwjgtefknnknzfcok/Build/Intermediates.noindex/TaskPaper.build/Debug/TaskPaper.build
    export STRINGS_FILE_INFOPLIST_RENAME\=YES
    export STRINGS_FILE_OUTPUT_ENCODING\=UTF-16
    export STRING_CATALOG_GENERATE_SYMBOLS\=NO
    export STRIP_BITCODE_FROM_COPIED_FILES\=NO
    export STRIP_INSTALLED_PRODUCT\=NO
    export STRIP_PNG_TEXT\=NO
    export STRIP_STYLE\=all
    export STRIP_SWIFT_SYMBOLS\=YES
    export SUPPORTED_PLATFORMS\=macosx
    export SUPPORTS_MACCATALYST\=NO
    export SUPPORTS_ON_DEMAND_RESOURCES\=NO
    export SUPPORTS_TEXT_BASED_API\=NO
    export SUPPRESS_WARNINGS\=NO
    export SWIFT_ACTIVE_COMPILATION_CONDITIONS\=APPSTORE
    export SWIFT_EMIT_CONST_VALUE_PROTOCOLS\=AppIntent\ EntityQuery\ AppEntity\ TransientEntity\ AppEnum\ AppShortcutProviding\ AppShortcutsProvider\ AnyResolverProviding\ AppIntentsPackage\ DynamicOptionsProvider\ _IntentValueRepresentable\ _AssistantIntentsProvider\ _GenerativeFunctionExtractable\ IntentValueQuery\ Resolver\ AppExtension\ ExtensionPointDefining
    export SWIFT_EMIT_LOC_STRINGS\=NO
    export SWIFT_ENABLE_EXPLICIT_MODULES\=YES
    export SWIFT_OBJC_BRIDGING_HEADER\=TaskPaper/Bridging-Header.h
    export SWIFT_OPTIMIZATION_LEVEL\=-Onone
    export SWIFT_PLATFORM_TARGET_PREFIX\=macos
    export SWIFT_RESPONSE_FILE_PATH_normal_arm64\=/Users/ka/Library/Developer/Xcode/DerivedData/TaskPaper-fkdpctjeinjdwjgtefknnknzfcok/Build/Intermediates.noindex/TaskPaper.build/Debug/TaskPaper.build/Objects-normal/arm64/TaskPaper.SwiftFileList
    export SWIFT_VERSION\=5.0
    export SYMROOT\=/Users/ka/Library/Developer/Xcode/DerivedData/TaskPaper-fkdpctjeinjdwjgtefknnknzfcok/Build/Products
    export SYSTEM_ADMIN_APPS_DIR\=/Applications/Utilities
    export SYSTEM_APPS_DIR\=/Applications
    export SYSTEM_CORE_SERVICES_DIR\=/System/Library/CoreServices
    export SYSTEM_DEMOS_DIR\=/Applications/Extras
    export SYSTEM_DEVELOPER_APPS_DIR\=/Applications/Xcode.app/Contents/Developer/Applications
    export SYSTEM_DEVELOPER_BIN_DIR\=/Applications/Xcode.app/Contents/Developer/usr/bin
    export SYSTEM_DEVELOPER_DEMOS_DIR\=/Applications/Xcode.app/Contents/Developer/Applications/Utilities/Built\ Examples
    export SYSTEM_DEVELOPER_DIR\=/Applications/Xcode.app/Contents/Developer
    export SYSTEM_DEVELOPER_DOC_DIR\=/Applications/Xcode.app/Contents/Developer/ADC\ Reference\ Library
    export SYSTEM_DEVELOPER_GRAPHICS_TOOLS_DIR\=/Applications/Xcode.app/Contents/Developer/Applications/Graphics\ Tools
    export SYSTEM_DEVELOPER_JAVA_TOOLS_DIR\=/Applications/Xcode.app/Contents/Developer/Applications/Java\ Tools
    export SYSTEM_DEVELOPER_PERFORMANCE_TOOLS_DIR\=/Applications/Xcode.app/Contents/Developer/Applications/Performance\ Tools
    export SYSTEM_DEVELOPER_RELEASENOTES_DIR\=/Applications/Xcode.app/Contents/Developer/ADC\ Reference\ Library/releasenotes
    export SYSTEM_DEVELOPER_TOOLS\=/Applications/Xcode.app/Contents/Developer/Tools
    export SYSTEM_DEVELOPER_TOOLS_DOC_DIR\=/Applications/Xcode.app/Contents/Developer/ADC\ Reference\ Library/documentation/DeveloperTools
    export SYSTEM_DEVELOPER_TOOLS_RELEASENOTES_DIR\=/Applications/Xcode.app/Contents/Developer/ADC\ Reference\ Library/releasenotes/DeveloperTools
    export SYSTEM_DEVELOPER_USR_DIR\=/Applications/Xcode.app/Contents/Developer/usr
    export SYSTEM_DEVELOPER_UTILITIES_DIR\=/Applications/Xcode.app/Contents/Developer/Applications/Utilities
    export SYSTEM_DEXT_INSTALL_PATH\=/System/Library/DriverExtensions
    export SYSTEM_DOCUMENTATION_DIR\=/Library/Documentation
    export SYSTEM_EXTENSIONS_FOLDER_PATH\=TaskPaper.app/Contents/Library/SystemExtensions
    export SYSTEM_EXTENSIONS_FOLDER_PATH_SHALLOW_BUNDLE_NO\=TaskPaper.app/Contents/Library/SystemExtensions
    export SYSTEM_EXTENSIONS_FOLDER_PATH_SHALLOW_BUNDLE_YES\=TaskPaper.app/Contents/SystemExtensions
    export SYSTEM_KEXT_INSTALL_PATH\=/System/Library/Extensions
    export SYSTEM_LIBRARY_DIR\=/System/Library
    export TAPI_DEMANGLE\=YES
    export TAPI_ENABLE_PROJECT_HEADERS\=NO
    export TAPI_LANGUAGE\=objective-c
    export TAPI_LANGUAGE_STANDARD\=compiler-default
    export TAPI_USE_SRCROOT\=YES
    export TAPI_VERIFY_MODE\=Pedantic
    export TARGETNAME\=TaskPaper
    export TARGET_BUILD_DIR\=/Users/ka/Library/Developer/Xcode/DerivedData/TaskPaper-fkdpctjeinjdwjgtefknnknzfcok/Build/Products/Debug
    export TARGET_NAME\=TaskPaper
    export TARGET_TEMP_DIR\=/Users/ka/Library/Developer/Xcode/DerivedData/TaskPaper-fkdpctjeinjdwjgtefknnknzfcok/Build/Intermediates.noindex/TaskPaper.build/Debug/TaskPaper.build
    export TEMP_DIR\=/Users/ka/Library/Developer/Xcode/DerivedData/TaskPaper-fkdpctjeinjdwjgtefknnknzfcok/Build/Intermediates.noindex/TaskPaper.build/Debug/TaskPaper.build
    export TEMP_FILES_DIR\=/Users/ka/Library/Developer/Xcode/DerivedData/TaskPaper-fkdpctjeinjdwjgtefknnknzfcok/Build/Intermediates.noindex/TaskPaper.build/Debug/TaskPaper.build
    export TEMP_FILE_DIR\=/Users/ka/Library/Developer/Xcode/DerivedData/TaskPaper-fkdpctjeinjdwjgtefknnknzfcok/Build/Intermediates.noindex/TaskPaper.build/Debug/TaskPaper.build
    export TEMP_ROOT\=/Users/ka/Library/Developer/Xcode/DerivedData/TaskPaper-fkdpctjeinjdwjgtefknnknzfcok/Build/Intermediates.noindex
    export TEMP_SANDBOX_DIR\=/Users/ka/Library/Developer/Xcode/DerivedData/TaskPaper-fkdpctjeinjdwjgtefknnknzfcok/Build/Intermediates.noindex/TemporaryTaskSandboxes
    export TEST_FRAMEWORK_SEARCH_PATHS\=\ /Applications/Xcode.app/Contents/Developer/Platforms/MacOSX.platform/Developer/Library/Frameworks
    export TEST_LIBRARY_SEARCH_PATHS\=\ /Applications/Xcode.app/Contents/Developer/Platforms/MacOSX.platform/Developer/usr/lib
    export TOOLCHAINS\=com.apple.dt.toolchain.XcodeDefault
    export TOOLCHAIN_DIR\=/Applications/Xcode.app/Contents/Developer/Toolchains/XcodeDefault.xctoolchain
    export TREAT_MISSING_BASELINES_AS_TEST_FAILURES\=NO
    export TREAT_MISSING_SCRIPT_PHASE_OUTPUTS_AS_ERRORS\=NO
    export UID\=501
    export UNINSTALLED_PRODUCTS_DIR\=/Users/ka/Library/Developer/Xcode/DerivedData/TaskPaper-fkdpctjeinjdwjgtefknnknzfcok/Build/Intermediates.noindex/UninstalledProducts
    export UNLOCALIZED_RESOURCES_FOLDER_PATH\=TaskPaper.app/Contents/Resources
    export UNLOCALIZED_RESOURCES_FOLDER_PATH_SHALLOW_BUNDLE_NO\=TaskPaper.app/Contents/Resources
    export UNLOCALIZED_RESOURCES_FOLDER_PATH_SHALLOW_BUNDLE_YES\=TaskPaper.app/Contents
    export UNSTRIPPED_PRODUCT\=NO
    export USER\=ka
    export USER_APPS_DIR\=/Users/ka/Applications
    export USER_LIBRARY_DIR\=/Users/ka/Library
    export USE_DYNAMIC_NO_PIC\=YES
    export USE_HEADERMAP\=YES
    export USE_HEADER_SYMLINKS\=NO
    export VALIDATE_DEVELOPMENT_ASSET_PATHS\=YES_ERROR
    export VALIDATE_PRODUCT\=NO
    export VALID_ARCHS\=arm64\ arm64e\ i386\ x86_64
    export VERBOSE_PBXCP\=NO
    export VERSIONPLIST_PATH\=TaskPaper.app/Contents/version.plist
    export VERSION_INFO_BUILDER\=ka
    export VERSION_INFO_FILE\=TaskPaper_vers.c
    export VERSION_INFO_STRING\=\"@\(\#\)PROGRAM:TaskPaper\ \ PROJECT:TaskPaper-485\"
    export WORKSPACE_DIR\=/Users/ka/Downloads/2025-11-07\ TaskPaper\ Repo/TaskPaper/TaskPaper.xcodeproj
    export WRAPPER_EXTENSION\=app
    export WRAPPER_NAME\=TaskPaper.app
    export WRAPPER_SUFFIX\=.app
    export WRAP_ASSET_PACKS_IN_SEPARATE_DIRECTORIES\=NO
    export XCODE_APP_SUPPORT_DIR\=/Applications/Xcode.app/Contents/Developer/Library/Xcode
    export XCODE_PRODUCT_BUILD_VERSION\=17A400
    export XCODE_VERSION_ACTUAL\=2601
    export XCODE_VERSION_MAJOR\=2600
    export XCODE_VERSION_MINOR\=2600
    export XPCSERVICES_FOLDER_PATH\=TaskPaper.app/Contents/XPCServices
    export YACC\=yacc
    export _BOOL_\=NO
    export _BOOL_NO\=NO
    export _BOOL_YES\=YES
    export _DEVELOPMENT_TEAM_IS_EMPTY\=NO
    export _DISCOVER_COMMAND_LINE_LINKER_INPUTS\=YES
    export _DISCOVER_COMMAND_LINE_LINKER_INPUTS_INCLUDE_WL\=YES
    export _IS_EMPTY_\=YES
    export _LD_MULTIARCH\=YES
    export _MACOSX_DEPLOYMENT_TARGET_IS_EMPTY\=NO
    export _WRAPPER_CONTENTS_DIR\=/Contents
    export _WRAPPER_CONTENTS_DIR_SHALLOW_BUNDLE_NO\=/Contents
    export _WRAPPER_PARENT_PATH\=/..
    export _WRAPPER_PARENT_PATH_SHALLOW_BUNDLE_NO\=/..
    export _WRAPPER_RESOURCES_DIR\=/Resources
    export _WRAPPER_RESOURCES_DIR_SHALLOW_BUNDLE_NO\=/Resources
    export __DIAGNOSE_DEPRECATED_ARCHS\=YES
    export __IS_NOT_MACOS\=NO
    export __IS_NOT_MACOS_macosx\=NO
    export __IS_NOT_SIMULATOR\=YES
    export __IS_NOT_SIMULATOR_simulator\=NO
    export arch\=undefined_arch
    export variant\=normal
    /bin/sh -c /Users/ka/Library/Developer/Xcode/DerivedData/TaskPaper-fkdpctjeinjdwjgtefknnknzfcok/Build/Intermediates.noindex/TaskPaper.build/Debug/TaskPaper.build/Script-436DD8541DD2147800776BD5.sh
[22:34:21] Loaded external module: coffeescript/register
[AssertionError [ERR_ASSERTION] [ERR_ASSERTION]: Task function must be specified
  at Gulp.set [as _setTask] (/Users/ka/Downloads/2025-11-07 TaskPaper Repo/TaskPaper/BirchOutline/birch-outline.js/node_modules/undertaker/lib/set-task.js:10:3)
  at Gulp.task (/Users/ka/Downloads/2025-11-07 TaskPaper Repo/TaskPaper/BirchOutline/birch-outline.js/node_modules/undertaker/lib/task.js:13:8)
  at Object.<anonymous> (/Users/ka/Downloads/2025-11-07 TaskPaper Repo/TaskPaper/BirchOutline/birch-outline.js/gulpfile.coffee:19:6)
  at Object.<anonymous> (/Users/ka/Downloads/2025-11-07 TaskPaper Repo/TaskPaper/BirchOutline/birch-outline.js/gulpfile.coffee:1:1)
  at Module._compile (node:internal/modules/cjs/loader:1760:14)
  at Object.loadFile (/Users/ka/Downloads/2025-11-07 TaskPaper Repo/TaskPaper/BirchOutline/birch-outline.js/node_modules/coffeescript/lib/coffeescript/register.js:33:19)
  at Module.load (/Users/ka/Downloads/2025-11-07 TaskPaper Repo/TaskPaper/BirchOutline/birch-outline.js/node_modules/coffeescript/lib/coffeescript/register.js:68:36)
  at Module._load (node:internal/modules/cjs/loader:1299:12)
  at TracingChannel.traceSync (node:diagnostics_channel:328:14)
  at wrapModuleLoad (node:internal/modules/cjs/loader:245:24)
  at Module.require (node:internal/modules/cjs/loader:1503:12)
  at require (node:internal/modules/helpers:152:16)
  at requireOrImport (/Users/ka/Downloads/2025-11-07 TaskPaper Repo/TaskPaper/BirchOutline/birch-outline.js/node_modules/gulp-cli/lib/shared/require-or-import.js:20:11)
  at execute (/Users/ka/Downloads/2025-11-07 TaskPaper Repo/TaskPaper/BirchOutline/birch-outline.js/node_modules/gulp-cli/lib/versioned/^5.0.0/index.js:35:3)
  at onExecute (/Users/ka/Downloads/2025-11-07 TaskPaper Repo/TaskPaper/BirchOutline/birch-outline.js/node_modules/gulp-cli/index.js:230:24)
  at Liftoff.<anonymous> (/Users/ka/Downloads/2025-11-07 TaskPaper Repo/TaskPaper/BirchOutline/birch-outline.js/node_modules/gulp-cli/index.js:153:5)
  at Liftoff.execute (/Users/ka/Downloads/2025-11-07 TaskPaper Repo/TaskPaper/BirchOutline/birch-outline.js/node_modules/liftoff/index.js:320:14)
  at module.exports (/Users/ka/Downloads/2025-11-07 TaskPaper Repo/TaskPaper/BirchOutline/birch-outline.js/node_modules/flagged-respawn/index.js:52:3)
  at Liftoff.<anonymous> (/Users/ka/Downloads/2025-11-07 TaskPaper Repo/TaskPaper/BirchOutline/birch-outline.js/node_modules/liftoff/index.js:310:7)
  at /Users/ka/Downloads/2025-11-07 TaskPaper Repo/TaskPaper/BirchOutline/birch-outline.js/node_modules/liftoff/index.js:265:9
  at /Users/ka/Downloads/2025-11-07 TaskPaper Repo/TaskPaper/BirchOutline/birch-outline.js/node_modules/v8flags/index.js:138:14
  at /Users/ka/Downloads/2025-11-07 TaskPaper Repo/TaskPaper/BirchOutline/birch-outline.js/node_modules/v8flags/index.js:47:14
  at /Users/ka/Downloads/2025-11-07 TaskPaper Repo/TaskPaper/BirchOutline/birch-outline.js/node_modules/v8flags/index.js:59:7
  at processTicksAndRejections (node:internal/process/task_queues:84:11)
] {
  generatedMessage: false,
  code: 'ERR_ASSERTION',
  actual: false,
  expected: true,
  operator: '==',
  diff: 'simple'
}
[22:34:22] Loaded external module: coffeescript/register
[AssertionError [ERR_ASSERTION] [ERR_ASSERTION]: Task function must be specified
  at Gulp.set [as _setTask] (/Users/ka/Downloads/2025-11-07 TaskPaper Repo/TaskPaper/BirchEditor/birch-editor.js/node_modules/undertaker/lib/set-task.js:10:3)
  at Gulp.task (/Users/ka/Downloads/2025-11-07 TaskPaper Repo/TaskPaper/BirchEditor/birch-editor.js/node_modules/undertaker/lib/task.js:13:8)
  at Object.<anonymous> (/Users/ka/Downloads/2025-11-07 TaskPaper Repo/TaskPaper/BirchEditor/birch-editor.js/gulpfile.coffee:36:6)
  at Object.<anonymous> (/Users/ka/Downloads/2025-11-07 TaskPaper Repo/TaskPaper/BirchEditor/birch-editor.js/gulpfile.coffee:1:1)
  at Module._compile (node:internal/modules/cjs/loader:1760:14)
  at Object.loadFile (/Users/ka/Downloads/2025-11-07 TaskPaper Repo/TaskPaper/BirchEditor/birch-editor.js/node_modules/coffeescript/lib/coffeescript/register.js:33:19)
  at Module.load (/Users/ka/Downloads/2025-11-07 TaskPaper Repo/TaskPaper/BirchEditor/birch-editor.js/node_modules/coffeescript/lib/coffeescript/register.js:68:36)
  at Module._load (node:internal/modules/cjs/loader:1299:12)
  at TracingChannel.traceSync (node:diagnostics_channel:328:14)
  at wrapModuleLoad (node:internal/modules/cjs/loader:245:24)
  at Module.require (node:internal/modules/cjs/loader:1503:12)
  at require (node:internal/modules/helpers:152:16)
  at requireOrImport (/Users/ka/Downloads/2025-11-07 TaskPaper Repo/TaskPaper/BirchEditor/birch-editor.js/node_modules/gulp-cli/lib/shared/require-or-import.js:20:11)
  at execute (/Users/ka/Downloads/2025-11-07 TaskPaper Repo/TaskPaper/BirchEditor/birch-editor.js/node_modules/gulp-cli/lib/versioned/^5.0.0/index.js:35:3)
  at onExecute (/Users/ka/Downloads/2025-11-07 TaskPaper Repo/TaskPaper/BirchEditor/birch-editor.js/node_modules/gulp-cli/index.js:230:24)
  at Liftoff.<anonymous> (/Users/ka/Downloads/2025-11-07 TaskPaper Repo/TaskPaper/BirchEditor/birch-editor.js/node_modules/gulp-cli/index.js:153:5)
  at Liftoff.execute (/Users/ka/Downloads/2025-11-07 TaskPaper Repo/TaskPaper/BirchEditor/birch-editor.js/node_modules/liftoff/index.js:320:14)
  at module.exports (/Users/ka/Downloads/2025-11-07 TaskPaper Repo/TaskPaper/BirchEditor/birch-editor.js/node_modules/flagged-respawn/index.js:52:3)
  at Liftoff.<anonymous> (/Users/ka/Downloads/2025-11-07 TaskPaper Repo/TaskPaper/BirchEditor/birch-editor.js/node_modules/liftoff/index.js:310:7)
  at /Users/ka/Downloads/2025-11-07 TaskPaper Repo/TaskPaper/BirchEditor/birch-editor.js/node_modules/liftoff/index.js:265:9
  at /Users/ka/Downloads/2025-11-07 TaskPaper Repo/TaskPaper/BirchEditor/birch-editor.js/node_modules/v8flags/index.js:138:14
  at /Users/ka/Downloads/2025-11-07 TaskPaper Repo/TaskPaper/BirchEditor/birch-editor.js/node_modules/v8flags/index.js:47:14
  at /Users/ka/Downloads/2025-11-07 TaskPaper Repo/TaskPaper/BirchEditor/birch-editor.js/node_modules/v8flags/index.js:59:7
  at processTicksAndRejections (node:internal/process/task_queues:84:11)
] {
  generatedMessage: false,
  code: 'ERR_ASSERTION',
  actual: false,
  expected: true,
  operator: '==',
  diff: 'simple'
}
[22:34:22] Loaded external module: coffeescript/register
[AssertionError [ERR_ASSERTION] [ERR_ASSERTION]: Task function must be specified
  at Gulp.set [as _setTask] (/Users/ka/Downloads/2025-11-07 TaskPaper Repo/TaskPaper/BirchEditor/birch-editor.js/node_modules/undertaker/lib/set-task.js:10:3)
  at Gulp.task (/Users/ka/Downloads/2025-11-07 TaskPaper Repo/TaskPaper/BirchEditor/birch-editor.js/node_modules/undertaker/lib/task.js:13:8)
  at Object.<anonymous> (/Users/ka/Downloads/2025-11-07 TaskPaper Repo/TaskPaper/BirchEditor/birch-editor.js/gulpfile.coffee:36:6)
  at Object.<anonymous> (/Users/ka/Downloads/2025-11-07 TaskPaper Repo/TaskPaper/BirchEditor/birch-editor.js/gulpfile.coffee:1:1)
  at Module._compile (node:internal/modules/cjs/loader:1760:14)
  at Object.loadFile (/Users/ka/Downloads/2025-11-07 TaskPaper Repo/TaskPaper/BirchEditor/birch-editor.js/node_modules/coffeescript/lib/coffeescript/register.js:33:19)
  at Module.load (/Users/ka/Downloads/2025-11-07 TaskPaper Repo/TaskPaper/BirchEditor/birch-editor.js/node_modules/coffeescript/lib/coffeescript/register.js:68:36)
  at Module._load (node:internal/modules/cjs/loader:1299:12)
  at TracingChannel.traceSync (node:diagnostics_channel:328:14)
  at wrapModuleLoad (node:internal/modules/cjs/loader:245:24)
  at Module.require (node:internal/modules/cjs/loader:1503:12)
  at require (node:internal/modules/helpers:152:16)
  at requireOrImport (/Users/ka/Downloads/2025-11-07 TaskPaper Repo/TaskPaper/BirchEditor/birch-editor.js/node_modules/gulp-cli/lib/shared/require-or-import.js:20:11)
  at execute (/Users/ka/Downloads/2025-11-07 TaskPaper Repo/TaskPaper/BirchEditor/birch-editor.js/node_modules/gulp-cli/lib/versioned/^5.0.0/index.js:35:3)
  at onExecute (/Users/ka/Downloads/2025-11-07 TaskPaper Repo/TaskPaper/BirchEditor/birch-editor.js/node_modules/gulp-cli/index.js:230:24)
  at Liftoff.<anonymous> (/Users/ka/Downloads/2025-11-07 TaskPaper Repo/TaskPaper/BirchEditor/birch-editor.js/node_modules/gulp-cli/index.js:153:5)
  at Liftoff.execute (/Users/ka/Downloads/2025-11-07 TaskPaper Repo/TaskPaper/BirchEditor/birch-editor.js/node_modules/liftoff/index.js:320:14)
  at module.exports (/Users/ka/Downloads/2025-11-07 TaskPaper Repo/TaskPaper/BirchEditor/birch-editor.js/node_modules/flagged-respawn/index.js:52:3)
  at Liftoff.<anonymous> (/Users/ka/Downloads/2025-11-07 TaskPaper Repo/TaskPaper/BirchEditor/birch-editor.js/node_modules/liftoff/index.js:310:7)
  at /Users/ka/Downloads/2025-11-07 TaskPaper Repo/TaskPaper/BirchEditor/birch-editor.js/node_modules/liftoff/index.js:265:9
  at /Users/ka/Downloads/2025-11-07 TaskPaper Repo/TaskPaper/BirchEditor/birch-editor.js/node_modules/v8flags/index.js:138:14
  at /Users/ka/Downloads/2025-11-07 TaskPaper Repo/TaskPaper/BirchEditor/birch-editor.js/node_modules/v8flags/index.js:47:14
  at /Users/ka/Downloads/2025-11-07 TaskPaper Repo/TaskPaper/BirchEditor/birch-editor.js/node_modules/v8flags/index.js:59:7
  at processTicksAndRejections (node:internal/process/task_queues:84:11)
] {
  generatedMessage: false,
  code: 'ERR_ASSERTION',
  actual: false,
  expected: true,
  operator: '==',
  diff: 'simple'
}

ProcessInfoPlistFile /Users/ka/Library/Developer/Xcode/DerivedData/TaskPaper-fkdpctjeinjdwjgtefknnknzfcok/Build/Products/Debug/BirchOutlineTests.xctest/Contents/Info.plist /Users/ka/Downloads/2025-11-07\ TaskPaper\ Repo/TaskPaper/BirchOutline/BirchOutline.swift/BirchOutlineTests/Info.plist (in target 'BirchOutlineTests' from project 'BirchOutline')
    cd /Users/ka/Downloads/2025-11-07\ TaskPaper\ Repo/TaskPaper/BirchOutline/BirchOutline.swift
    builtin-infoPlistUtility /Users/ka/Downloads/2025-11-07\ TaskPaper\ Repo/TaskPaper/BirchOutline/BirchOutline.swift/BirchOutlineTests/Info.plist -producttype com.apple.product-type.bundle.unit-test -expandbuildsettings -platform macosx -o /Users/ka/Library/Developer/Xcode/DerivedData/TaskPaper-fkdpctjeinjdwjgtefknnknzfcok/Build/Products/Debug/BirchOutlineTests.xctest/Contents/Info.plist

CopySwiftLibs /Users/ka/Library/Developer/Xcode/DerivedData/TaskPaper-fkdpctjeinjdwjgtefknnknzfcok/Build/Products/Debug/TaskPaper.app (in target 'TaskPaper' from project 'TaskPaper')
    cd /Users/ka/Downloads/2025-11-07\ TaskPaper\ Repo/TaskPaper
    builtin-swiftStdLibTool --copy --verbose --scan-executable /Users/ka/Library/Developer/Xcode/DerivedData/TaskPaper-fkdpctjeinjdwjgtefknnknzfcok/Build/Products/Debug/TaskPaper.app/Contents/MacOS/TaskPaper.debug.dylib --scan-folder /Users/ka/Library/Developer/Xcode/DerivedData/TaskPaper-fkdpctjeinjdwjgtefknnknzfcok/Build/Products/Debug/TaskPaper.app/Contents/Frameworks --scan-folder /Users/ka/Library/Developer/Xcode/DerivedData/TaskPaper-fkdpctjeinjdwjgtefknnknzfcok/Build/Products/Debug/TaskPaper.app/Contents/PlugIns --scan-folder /Users/ka/Library/Developer/Xcode/DerivedData/TaskPaper-fkdpctjeinjdwjgtefknnknzfcok/Build/Products/Debug/TaskPaper.app/Contents/Library/SystemExtensions --scan-folder /Users/ka/Library/Developer/Xcode/DerivedData/TaskPaper-fkdpctjeinjdwjgtefknnknzfcok/Build/Products/Debug/TaskPaper.app/Contents/Extensions --scan-folder /Users/ka/Library/Developer/Xcode/DerivedData/TaskPaper-fkdpctjeinjdwjgtefknnknzfcok/Build/Products/Debug/BirchOutline.framework --platform macosx --toolchain /Applications/Xcode.app/Contents/Developer/Toolchains/XcodeDefault.xctoolchain --destination /Users/ka/Library/Developer/Xcode/DerivedData/TaskPaper-fkdpctjeinjdwjgtefknnknzfcok/Build/Products/Debug/TaskPaper.app/Contents/Frameworks --strip-bitcode --strip-bitcode-tool /Applications/Xcode.app/Contents/Developer/Toolchains/XcodeDefault.xctoolchain/usr/bin/bitcode_strip --emit-dependency-info /Users/ka/Library/Developer/Xcode/DerivedData/TaskPaper-fkdpctjeinjdwjgtefknnknzfcok/Build/Intermediates.noindex/TaskPaper.build/Debug/TaskPaper.build/SwiftStdLibToolInputDependencies.dep --filter-for-swift-os --back-deploy-swift-concurrency --back-deploy-swift-span
Ignoring --strip-bitcode because --sign was not passed
libswift_Concurrency.dylib is up to date at /Users/ka/Library/Developer/Xcode/DerivedData/TaskPaper-fkdpctjeinjdwjgtefknnknzfcok/Build/Products/Debug/TaskPaper.app/Contents/Frameworks/libswift_Concurrency.dylib

ProcessInfoPlistFile /Users/ka/Library/Developer/Xcode/DerivedData/TaskPaper-fkdpctjeinjdwjgtefknnknzfcok/Build/Products/Debug/TaskPaper.app/Contents/Info.plist /Users/ka/Downloads/2025-11-07\ TaskPaper\ Repo/TaskPaper/TaskPaper/TaskPaper-Info.plist (in target 'TaskPaper' from project 'TaskPaper')
    cd /Users/ka/Downloads/2025-11-07\ TaskPaper\ Repo/TaskPaper
    builtin-infoPlistUtility /Users/ka/Downloads/2025-11-07\ TaskPaper\ Repo/TaskPaper/TaskPaper/TaskPaper-Info.plist -producttype com.apple.product-type.application -genpkginfo /Users/ka/Library/Developer/Xcode/DerivedData/TaskPaper-fkdpctjeinjdwjgtefknnknzfcok/Build/Products/Debug/TaskPaper.app/Contents/PkgInfo -expandbuildsettings -platform macosx -additionalcontentfile /Users/ka/Library/Developer/Xcode/DerivedData/TaskPaper-fkdpctjeinjdwjgtefknnknzfcok/Build/Intermediates.noindex/TaskPaper.build/Debug/TaskPaper.build/Base.lproj/MainMenu-SBPartialInfo.plist -additionalcontentfile /Users/ka/Library/Developer/Xcode/DerivedData/TaskPaper-fkdpctjeinjdwjgtefknnknzfcok/Build/Intermediates.noindex/TaskPaper.build/Debug/TaskPaper.build/Base.lproj/PreviewTitlebarAccessory-SBPartialInfo.plist -additionalcontentfile /Users/ka/Library/Developer/Xcode/DerivedData/TaskPaper-fkdpctjeinjdwjgtefknnknzfcok/Build/Intermediates.noindex/TaskPaper.build/Debug/TaskPaper.build/DatePicker-SBPartialInfo.plist -additionalcontentfile /Users/ka/Library/Developer/Xcode/DerivedData/TaskPaper-fkdpctjeinjdwjgtefknnknzfcok/Build/Intermediates.noindex/TaskPaper.build/Debug/TaskPaper.build/Base.lproj/ChoicePalette-SBPartialInfo.plist -additionalcontentfile /Users/ka/Library/Developer/Xcode/DerivedData/TaskPaper-fkdpctjeinjdwjgtefknnknzfcok/Build/Intermediates.noindex/TaskPaper.build/Debug/TaskPaper.build/Base.lproj/PrintAccessoryViewController-PartialInfo.plist -additionalcontentfile /Users/ka/Library/Developer/Xcode/DerivedData/TaskPaper-fkdpctjeinjdwjgtefknnknzfcok/Build/Intermediates.noindex/TaskPaper.build/Debug/TaskPaper.build/Base.lproj/Preferences-SBPartialInfo.plist -additionalcontentfile /Users/ka/Library/Developer/Xcode/DerivedData/TaskPaper-fkdpctjeinjdwjgtefknnknzfcok/Build/Intermediates.noindex/TaskPaper.build/Debug/TaskPaper.build/Base.lproj/OutlineSplitView-SBPartialInfo.plist -additionalcontentfile /Users/ka/Library/Developer/Xcode/DerivedData/TaskPaper-fkdpctjeinjdwjgtefknnknzfcok/Build/Intermediates.noindex/TaskPaper.build/Debug/TaskPaper.build/OutlineEditorCollectionView-SBPartialInfo.plist -additionalcontentfile /Users/ka/Library/Developer/Xcode/DerivedData/TaskPaper-fkdpctjeinjdwjgtefknnknzfcok/Build/Intermediates.noindex/TaskPaper.build/Debug/TaskPaper.build/Base.lproj/OutlineSidebarView-SBPartialInfo.plist -additionalcontentfile /Users/ka/Library/Developer/Xcode/DerivedData/TaskPaper-fkdpctjeinjdwjgtefknnknzfcok/Build/Intermediates.noindex/TaskPaper.build/Debug/TaskPaper.build/Base.lproj/OutlineEditorView-SBPartialInfo.plist -additionalcontentfile /Users/ka/Library/Developer/Xcode/DerivedData/TaskPaper-fkdpctjeinjdwjgtefknnknzfcok/Build/Intermediates.noindex/TaskPaper.build/Debug/TaskPaper.build/Base.lproj/SearchbarView-SBPartialInfo.plist -additionalcontentfile /Users/ka/Library/Developer/Xcode/DerivedData/TaskPaper-fkdpctjeinjdwjgtefknnknzfcok/Build/Intermediates.noindex/TaskPaper.build/Debug/TaskPaper.build/Base.lproj/OutlineEditorWindow-SBPartialInfo.plist -additionalcontentfile /Users/ka/Library/Developer/Xcode/DerivedData/TaskPaper-fkdpctjeinjdwjgtefknnknzfcok/Build/Intermediates.noindex/TaskPaper.build/Debug/TaskPaper.build/ItemViewController-PartialInfo.plist -additionalcontentfile /Users/ka/Library/Developer/Xcode/DerivedData/TaskPaper-fkdpctjeinjdwjgtefknnknzfcok/Build/Intermediates.noindex/TaskPaper.build/Debug/TaskPaper.build/assetcatalog_generated_info.plist -scanforprivacyfile /Users/ka/Library/Developer/Xcode/DerivedData/TaskPaper-fkdpctjeinjdwjgtefknnknzfcok/Build/Products/Debug/TaskPaper.app/Contents/Frameworks/BirchOutline.framework -scanforprivacyfile /Users/ka/Library/Developer/Xcode/DerivedData/TaskPaper-fkdpctjeinjdwjgtefknnknzfcok/Build/Products/Debug/TaskPaper.app/Contents/Frameworks/Paddle.framework -scanforprivacyfile /Users/ka/Library/Developer/Xcode/DerivedData/TaskPaper-fkdpctjeinjdwjgtefknnknzfcok/Build/Products/Debug/TaskPaper.app/Contents/Frameworks/Sparkle.framework -o /Users/ka/Library/Developer/Xcode/DerivedData/TaskPaper-fkdpctjeinjdwjgtefknnknzfcok/Build/Products/Debug/TaskPaper.app/Contents/Info.plist

ProcessInfoPlistFile /Users/ka/Library/Developer/Xcode/DerivedData/TaskPaper-fkdpctjeinjdwjgtefknnknzfcok/Build/Products/Debug/TaskPaper.app/Contents/PlugIns/TaskPaperTests.xctest/Contents/Info.plist /Users/ka/Downloads/2025-11-07\ TaskPaper\ Repo/TaskPaper/TaskPaperTests/Info.plist (in target 'TaskPaperTests' from project 'TaskPaper')
    cd /Users/ka/Downloads/2025-11-07\ TaskPaper\ Repo/TaskPaper
    builtin-infoPlistUtility /Users/ka/Downloads/2025-11-07\ TaskPaper\ Repo/TaskPaper/TaskPaperTests/Info.plist -producttype com.apple.product-type.bundle.unit-test -expandbuildsettings -platform macosx -o /Users/ka/Library/Developer/Xcode/DerivedData/TaskPaper-fkdpctjeinjdwjgtefknnknzfcok/Build/Products/Debug/TaskPaper.app/Contents/PlugIns/TaskPaperTests.xctest/Contents/Info.plist

SwiftDriver TaskPaperTests normal arm64 com.apple.xcode.tools.swift.compiler (in target 'TaskPaperTests' from project 'TaskPaper')
    cd /Users/ka/Downloads/2025-11-07\ TaskPaper\ Repo/TaskPaper
    builtin-SwiftDriver -- /Applications/Xcode.app/Contents/Developer/Toolchains/XcodeDefault.xctoolchain/usr/bin/swiftc -module-name TaskPaperTests -O -enforce-exclusivity\=checked @/Users/ka/Library/Developer/Xcode/DerivedData/TaskPaper-fkdpctjeinjdwjgtefknnknzfcok/Build/Intermediates.noindex/TaskPaper.build/Debug/TaskPaperTests.build/Objects-normal/arm64/TaskPaperTests.SwiftFileList -plugin-path /Applications/Xcode.app/Contents/Developer/Toolchains/XcodeDefault.xctoolchain/usr/lib/swift/host/plugins/testing -enable-bare-slash-regex -enable-experimental-feature DebugDescriptionMacro -sdk /Applications/Xcode.app/Contents/Developer/Platforms/MacOSX.platform/Developer/SDKs/MacOSX26.0.sdk -target arm64-apple-macos11.0 -g -module-cache-path /Users/ka/Library/Developer/Xcode/DerivedData/ModuleCache.noindex -Xfrontend -serialize-debugging-options -profile-coverage-mapping -profile-generate -sanitize\=thread -enable-testing -Xcc -D_LIBCPP_HARDENING_MODE\=_LIBCPP_HARDENING_MODE_DEBUG -swift-version 5 -I /Users/ka/Library/Developer/Xcode/DerivedData/TaskPaper-fkdpctjeinjdwjgtefknnknzfcok/Build/Products/Debug -Isystem /Applications/Xcode.app/Contents/Developer/Platforms/MacOSX.platform/Developer/usr/lib -F /Users/ka/Library/Developer/Xcode/DerivedData/TaskPaper-fkdpctjeinjdwjgtefknnknzfcok/Build/Products/Debug -F /Applications/Xcode.app/Contents/Developer/Platforms/MacOSX.platform/Developer/Library/Frameworks -c -j12 -enable-batch-mode -incremental -Xcc -ivfsstatcache -Xcc /Users/ka/Library/Developer/Xcode/DerivedData/SDKStatCaches.noindex/macosx26.0-25A352-28806144b0707e398aac92880fa50324.sdkstatcache -output-file-map /Users/ka/Library/Developer/Xcode/DerivedData/TaskPaper-fkdpctjeinjdwjgtefknnknzfcok/Build/Intermediates.noindex/TaskPaper.build/Debug/TaskPaperTests.build/Objects-normal-tsan/arm64/TaskPaperTests-OutputFileMap.json -use-frontend-parseable-output -save-temps -no-color-diagnostics -explicit-module-build -module-cache-path /Users/ka/Library/Developer/Xcode/DerivedData/TaskPaper-fkdpctjeinjdwjgtefknnknzfcok/Build/Intermediates.noindex/SwiftExplicitPrecompiledModules -clang-scanner-module-cache-path /Users/ka/Library/Developer/Xcode/DerivedData/ModuleCache.noindex -sdk-module-cache-path /Users/ka/Library/Developer/Xcode/DerivedData/ModuleCache.noindex -serialize-diagnostics -emit-dependencies -emit-module -emit-module-path /Users/ka/Library/Developer/Xcode/DerivedData/TaskPaper-fkdpctjeinjdwjgtefknnknzfcok/Build/Intermediates.noindex/TaskPaper.build/Debug/TaskPaperTests.build/Objects-normal-tsan/arm64/TaskPaperTests.swiftmodule -validate-clang-modules-once -clang-build-session-file /Users/ka/Library/Developer/Xcode/DerivedData/ModuleCache.noindex/Session.modulevalidation -Xcc -I/Users/ka/Library/Developer/Xcode/DerivedData/TaskPaper-fkdpctjeinjdwjgtefknnknzfcok/Build/Intermediates.noindex/TaskPaper.build/Debug/TaskPaperTests.build/swift-overrides.hmap -emit-const-values -Xfrontend -const-gather-protocols-file -Xfrontend /Users/ka/Library/Developer/Xcode/DerivedData/TaskPaper-fkdpctjeinjdwjgtefknnknzfcok/Build/Intermediates.noindex/TaskPaper.build/Debug/TaskPaperTests.build/Objects-normal-tsan/arm64/TaskPaperTests_const_extract_protocols.json -Xcc -iquote -Xcc /Users/ka/Library/Developer/Xcode/DerivedData/TaskPaper-fkdpctjeinjdwjgtefknnknzfcok/Build/Intermediates.noindex/TaskPaper.build/Debug/TaskPaperTests.build/TaskPaperTests-generated-files.hmap -Xcc -I/Users/ka/Library/Developer/Xcode/DerivedData/TaskPaper-fkdpctjeinjdwjgtefknnknzfcok/Build/Intermediates.noindex/TaskPaper.build/Debug/TaskPaperTests.build/TaskPaperTests-own-target-headers.hmap -Xcc -I/Users/ka/Library/Developer/Xcode/DerivedData/TaskPaper-fkdpctjeinjdwjgtefknnknzfcok/Build/Intermediates.noindex/TaskPaper.build/Debug/TaskPaperTests.build/TaskPaperTests-all-non-framework-target-headers.hmap -Xcc -ivfsoverlay -Xcc /Users/ka/Library/Developer/Xcode/DerivedData/TaskPaper-fkdpctjeinjdwjgtefknnknzfcok/Build/Intermediates.noindex/TaskPaper.build/Debug/TaskPaper-c46132061d9ff605537ef59aa05c88e7-VFS/all-product-headers.yaml -Xcc -iquote -Xcc /Users/ka/Library/Developer/Xcode/DerivedData/TaskPaper-fkdpctjeinjdwjgtefknnknzfcok/Build/Intermediates.noindex/TaskPaper.build/Debug/TaskPaperTests.build/TaskPaperTests-project-headers.hmap -Xcc -I/Users/ka/Library/Developer/Xcode/DerivedData/TaskPaper-fkdpctjeinjdwjgtefknnknzfcok/Build/Products/Debug/include -Xcc -Iopenssl-1.0.2/include -Xcc -I/Users/ka/Library/Developer/Xcode/DerivedData/TaskPaper-fkdpctjeinjdwjgtefknnknzfcok/Build/Intermediates.noindex/TaskPaper.build/Debug/TaskPaperTests.build/DerivedSources-normal/arm64 -Xcc -I/Users/ka/Library/Developer/Xcode/DerivedData/TaskPaper-fkdpctjeinjdwjgtefknnknzfcok/Build/Intermediates.noindex/TaskPaper.build/Debug/TaskPaperTests.build/DerivedSources/arm64 -Xcc -I/Users/ka/Library/Developer/Xcode/DerivedData/TaskPaper-fkdpctjeinjdwjgtefknnknzfcok/Build/Intermediates.noindex/TaskPaper.build/Debug/TaskPaperTests.build/DerivedSources -Xcc -DDEBUG\=1 -emit-objc-header -emit-objc-header-path /Users/ka/Library/Developer/Xcode/DerivedData/TaskPaper-fkdpctjeinjdwjgtefknnknzfcok/Build/Intermediates.noindex/TaskPaper.build/Debug/TaskPaperTests.build/Objects-normal-tsan/arm64/TaskPaperTests-Swift.h -working-directory /Users/ka/Downloads/2025-11-07\ TaskPaper\ Repo/TaskPaper -experimental-emit-module-separately -disable-cmo

SwiftExplicitDependencyCompileModuleFromInterface arm64 /Users/ka/Library/Developer/Xcode/DerivedData/TaskPaper-fkdpctjeinjdwjgtefknnknzfcok/Build/Intermediates.noindex/SwiftExplicitPrecompiledModules/XCUIAutomation-2OLV4LEH7SHEM.swiftmodule

SwiftExplicitDependencyCompileModuleFromInterface arm64 /Users/ka/Library/Developer/Xcode/DerivedData/TaskPaper-fkdpctjeinjdwjgtefknnknzfcok/Build/Intermediates.noindex/SwiftExplicitPrecompiledModules/XCTest-10PWP19WOQCIU.swiftmodule

SwiftCompile normal arm64 Compiling\ StyleSheetTests.swift /Users/ka/Downloads/2025-11-07\ TaskPaper\ Repo/TaskPaper/BirchEditor/BirchEditor.swift/BirchEditorTests/StyleSheetTests.swift (in target 'TaskPaperTests' from project 'TaskPaper')

SwiftCompile normal arm64 /Users/ka/Downloads/2025-11-07\ TaskPaper\ Repo/TaskPaper/BirchEditor/BirchEditor.swift/BirchEditorTests/StyleSheetTests.swift (in target 'TaskPaperTests' from project 'TaskPaper')
    cd /Users/ka/Downloads/2025-11-07\ TaskPaper\ Repo/TaskPaper
    

SwiftCompile normal arm64 Compiling\ OutlineDocumentTests.swift /Users/ka/Downloads/2025-11-07\ TaskPaper\ Repo/TaskPaper/BirchEditor/BirchEditor.swift/BirchEditorTests/OutlineDocumentTests.swift (in target 'TaskPaperTests' from project 'TaskPaper')
SwiftCompile normal arm64 /Users/ka/Downloads/2025-11-07\ TaskPaper\ Repo/TaskPaper/BirchEditor/BirchEditor.swift/BirchEditorTests/OutlineDocumentTests.swift (in target 'TaskPaperTests' from project 'TaskPaper')
    cd /Users/ka/Downloads/2025-11-07\ TaskPaper\ Repo/TaskPaper
    

SwiftCompile normal arm64 Compiling\ OutlineEditorStorageTests.swift /Users/ka/Downloads/2025-11-07\ TaskPaper\ Repo/TaskPaper/BirchEditor/BirchEditor.swift/BirchEditorTests/OutlineEditorStorageTests.swift (in target 'TaskPaperTests' from project 'TaskPaper')
SwiftCompile normal arm64 /Users/ka/Downloads/2025-11-07\ TaskPaper\ Repo/TaskPaper/BirchEditor/BirchEditor.swift/BirchEditorTests/OutlineEditorStorageTests.swift (in target 'TaskPaperTests' from project 'TaskPaper')
    cd /Users/ka/Downloads/2025-11-07\ TaskPaper\ Repo/TaskPaper
    

SwiftEmitModule normal arm64 Emitting\ module\ for\ TaskPaperTests (in target 'TaskPaperTests' from project 'TaskPaper')

EmitSwiftModule normal arm64 (in target 'TaskPaperTests' from project 'TaskPaper')
    cd /Users/ka/Downloads/2025-11-07\ TaskPaper\ Repo/TaskPaper
    

SwiftCompile normal arm64 Compiling\ OutlineEditorWindowControllerTests.swift /Users/ka/Downloads/2025-11-07\ TaskPaper\ Repo/TaskPaper/BirchEditor/BirchEditor.swift/OutlineEditorWindowControllerTests.swift (in target 'TaskPaperTests' from project 'TaskPaper')

SwiftCompile normal arm64 /Users/ka/Downloads/2025-11-07\ TaskPaper\ Repo/TaskPaper/BirchEditor/BirchEditor.swift/OutlineEditorWindowControllerTests.swift (in target 'TaskPaperTests' from project 'TaskPaper')
    cd /Users/ka/Downloads/2025-11-07\ TaskPaper\ Repo/TaskPaper
    

SwiftCompile normal arm64 Compiling\ OutlineEditorTests.swift /Users/ka/Downloads/2025-11-07\ TaskPaper\ Repo/TaskPaper/BirchEditor/BirchEditor.swift/BirchEditorTests/OutlineEditorTests.swift (in target 'TaskPaperTests' from project 'TaskPaper')

SwiftCompile normal arm64 /Users/ka/Downloads/2025-11-07\ TaskPaper\ Repo/TaskPaper/BirchEditor/BirchEditor.swift/BirchEditorTests/OutlineEditorTests.swift (in target 'TaskPaperTests' from project 'TaskPaper')
    cd /Users/ka/Downloads/2025-11-07\ TaskPaper\ Repo/TaskPaper
    

SwiftCompile normal arm64 Compiling\ TaskPaperTests.swift /Users/ka/Downloads/2025-11-07\ TaskPaper\ Repo/TaskPaper/TaskPaperTests/TaskPaperTests.swift (in target 'TaskPaperTests' from project 'TaskPaper')
Failed frontend command:
/Applications/Xcode.app/Contents/Developer/Toolchains/XcodeDefault.xctoolchain/usr/bin/swift-frontend -frontend -c -primary-file /Users/ka/Downloads/2025-11-07\ TaskPaper\ Repo/TaskPaper/TaskPaperTests/TaskPaperTests.swift /Users/ka/Downloads/2025-11-07\ TaskPaper\ Repo/TaskPaper/BirchEditor/BirchEditor.swift/BirchEditorTests/OutlineEditorStorageTests.swift /Users/ka/Downloads/2025-11-07\ TaskPaper\ Repo/TaskPaper/BirchEditor/BirchEditor.swift/BirchEditorTests/StyleSheetTests.swift /Users/ka/Downloads/2025-11-07\ TaskPaper\ Repo/TaskPaper/BirchEditor/BirchEditor.swift/BirchEditorTests/OutlineEditorTests.swift /Users/ka/Downloads/2025-11-07\ TaskPaper\ Repo/TaskPaper/BirchEditor/BirchEditor.swift/BirchEditorTests/OutlineDocumentTests.swift /Users/ka/Downloads/2025-11-07\ TaskPaper\ Repo/TaskPaper/BirchEditor/BirchEditor.swift/OutlineEditorWindowControllerTests.swift -emit-dependencies-path /Users/ka/Library/Developer/Xcode/DerivedData/TaskPaper-fkdpctjeinjdwjgtefknnknzfcok/Build/Intermediates.noindex/TaskPaper.build/Debug/TaskPaperTests.build/Objects-normal-tsan/arm64/TaskPaperTests.d -emit-const-values-path /Users/ka/Library/Developer/Xcode/DerivedData/TaskPaper-fkdpctjeinjdwjgtefknnknzfcok/Build/Intermediates.noindex/TaskPaper.build/Debug/TaskPaperTests.build/Objects-normal-tsan/arm64/TaskPaperTests.swiftconstvalues -emit-reference-dependencies-path /Users/ka/Library/Developer/Xcode/DerivedData/TaskPaper-fkdpctjeinjdwjgtefknnknzfcok/Build/Intermediates.noindex/TaskPaper.build/Debug/TaskPaperTests.build/Objects-normal-tsan/arm64/TaskPaperTests.swiftdeps -serialize-diagnostics-path /Users/ka/Library/Developer/Xcode/DerivedData/TaskPaper-fkdpctjeinjdwjgtefknnknzfcok/Build/Intermediates.noindex/TaskPaper.build/Debug/TaskPaperTests.build/Objects-normal-tsan/arm64/TaskPaperTests.dia -target arm64-apple-macos11.0 -load-resolved-plugin /Applications/Xcode.app/Contents/Developer/Platforms/MacOSX.platform/Developer/usr/lib/swift/host/plugins/libFoundationMacros.dylib\#/Applications/Xcode.app/Contents/Developer/Platforms/MacOSX.platform/Developer/usr/bin/swift-plugin-server\#FoundationMacros -load-resolved-plugin /Applications/Xcode.app/Contents/Developer/Platforms/MacOSX.platform/Developer/usr/lib/swift/host/plugins/libObservationMacros.dylib\#/Applications/Xcode.app/Contents/Developer/Platforms/MacOSX.platform/Developer/usr/bin/swift-plugin-server\#ObservationMacros -load-resolved-plugin /Applications/Xcode.app/Contents/Developer/Platforms/MacOSX.platform/Developer/usr/lib/swift/host/plugins/libPreviewsMacros.dylib\#/Applications/Xcode.app/Contents/Developer/Platforms/MacOSX.platform/Developer/usr/bin/swift-plugin-server\#PreviewsMacros -load-resolved-plugin /Applications/Xcode.app/Contents/Developer/Platforms/MacOSX.platform/Developer/usr/lib/swift/host/plugins/libSwiftMacros.dylib\#/Applications/Xcode.app/Contents/Developer/Platforms/MacOSX.platform/Developer/usr/bin/swift-plugin-server\#SwiftMacros -load-resolved-plugin /Applications/Xcode.app/Contents/Developer/Platforms/MacOSX.platform/Developer/usr/lib/swift/host/plugins/libSwiftUIMacros.dylib\#/Applications/Xcode.app/Contents/Developer/Platforms/MacOSX.platform/Developer/usr/bin/swift-plugin-server\#SwiftUIMacros -disable-implicit-swift-modules -Xcc -fno-implicit-modules -Xcc -fno-implicit-module-maps -explicit-swift-module-map-file /Users/ka/Library/Developer/Xcode/DerivedData/TaskPaper-fkdpctjeinjdwjgtefknnknzfcok/Build/Intermediates.noindex/TaskPaper.build/Debug/TaskPaperTests.build/Objects-normal-tsan/arm64/TaskPaperTests-dependencies-1.json -Xllvm -aarch64-use-tbi -enable-objc-interop -sdk /Applications/Xcode.app/Contents/Developer/Platforms/MacOSX.platform/Developer/SDKs/MacOSX26.0.sdk -I /Users/ka/Library/Developer/Xcode/DerivedData/TaskPaper-fkdpctjeinjdwjgtefknnknzfcok/Build/Products/Debug -Isystem /Applications/Xcode.app/Contents/Developer/Platforms/MacOSX.platform/Developer/usr/lib -F /Users/ka/Library/Developer/Xcode/DerivedData/TaskPaper-fkdpctjeinjdwjgtefknnknzfcok/Build/Products/Debug -F /Applications/Xcode.app/Contents/Developer/Platforms/MacOSX.platform/Developer/Library/Frameworks -no-color-diagnostics -Xcc -fno-color-diagnostics -enable-testing -g -debug-info-format\=dwarf -dwarf-version\=4 -module-cache-path /Users/ka/Library/Developer/Xcode/DerivedData/TaskPaper-fkdpctjeinjdwjgtefknnknzfcok/Build/Intermediates.noindex/SwiftExplicitPrecompiledModules -profile-generate -profile-coverage-mapping -sanitize\=thread -swift-version 5 -enforce-exclusivity\=checked -O -serialize-debugging-options -const-gather-protocols-file /Users/ka/Library/Developer/Xcode/DerivedData/TaskPaper-fkdpctjeinjdwjgtefknnknzfcok/Build/Intermediates.noindex/TaskPaper.build/Debug/TaskPaperTests.build/Objects-normal-tsan/arm64/TaskPaperTests_const_extract_protocols.json -enable-experimental-feature DebugDescriptionMacro -enable-bare-slash-regex -empty-abi-descriptor -validate-clang-modules-once -clang-build-session-file /Users/ka/Library/Developer/Xcode/DerivedData/ModuleCache.noindex/Session.modulevalidation -Xcc -working-directory -Xcc /Users/ka/Downloads/2025-11-07\ TaskPaper\ Repo/TaskPaper -file-compilation-dir /Users/ka/Downloads/2025-11-07\ TaskPaper\ Repo/TaskPaper -Xcc -D_LIBCPP_HARDENING_MODE\=_LIBCPP_HARDENING_MODE_DEBUG -Xcc -ivfsstatcache -Xcc /Users/ka/Library/Developer/Xcode/DerivedData/SDKStatCaches.noindex/macosx26.0-25A352-28806144b0707e398aac92880fa50324.sdkstatcache -Xcc -I/Users/ka/Library/Developer/Xcode/DerivedData/TaskPaper-fkdpctjeinjdwjgtefknnknzfcok/Build/Intermediates.noindex/TaskPaper.build/Debug/TaskPaperTests.build/swift-overrides.hmap -Xcc -iquote -Xcc /Users/ka/Library/Developer/Xcode/DerivedData/TaskPaper-fkdpctjeinjdwjgtefknnknzfcok/Build/Intermediates.noindex/TaskPaper.build/Debug/TaskPaperTests.build/TaskPaperTests-generated-files.hmap -Xcc -I/Users/ka/Library/Developer/Xcode/DerivedData/TaskPaper-fkdpctjeinjdwjgtefknnknzfcok/Build/Intermediates.noindex/TaskPaper.build/Debug/TaskPaperTests.build/TaskPaperTests-own-target-headers.hmap -Xcc -I/Users/ka/Library/Developer/Xcode/DerivedData/TaskPaper-fkdpctjeinjdwjgtefknnknzfcok/Build/Intermediates.noindex/TaskPaper.build/Debug/TaskPaperTests.build/TaskPaperTests-all-non-framework-target-headers.hmap -Xcc -ivfsoverlay -Xcc /Users/ka/Library/Developer/Xcode/DerivedData/TaskPaper-fkdpctjeinjdwjgtefknnknzfcok/Build/Intermediates.noindex/TaskPaper.build/Debug/TaskPaper-c46132061d9ff605537ef59aa05c88e7-VFS/all-product-headers.yaml -Xcc -iquote -Xcc /Users/ka/Library/Developer/Xcode/DerivedData/TaskPaper-fkdpctjeinjdwjgtefknnknzfcok/Build/Intermediates.noindex/TaskPaper.build/Debug/TaskPaperTests.build/TaskPaperTests-project-headers.hmap -Xcc -I/Users/ka/Library/Developer/Xcode/DerivedData/TaskPaper-fkdpctjeinjdwjgtefknnknzfcok/Build/Products/Debug/include -Xcc -Iopenssl-1.0.2/include -Xcc -I/Users/ka/Library/Developer/Xcode/DerivedData/TaskPaper-fkdpctjeinjdwjgtefknnknzfcok/Build/Intermediates.noindex/TaskPaper.build/Debug/TaskPaperTests.build/DerivedSources-normal/arm64 -Xcc -I/Users/ka/Library/Developer/Xcode/DerivedData/TaskPaper-fkdpctjeinjdwjgtefknnknzfcok/Build/Intermediates.noindex/TaskPaper.build/Debug/TaskPaperTests.build/DerivedSources/arm64 -Xcc -I/Users/ka/Library/Developer/Xcode/DerivedData/TaskPaper-fkdpctjeinjdwjgtefknnknzfcok/Build/Intermediates.noindex/TaskPaper.build/Debug/TaskPaperTests.build/DerivedSources -Xcc -DDEBUG\=1 -no-auto-bridging-header-chaining -module-name TaskPaperTests -frontend-parseable-output -disable-clang-spi -target-sdk-version 26.0 -target-sdk-name macosx26.0 -clang-target arm64-apple-macos26.0 -in-process-plugin-server-path /Applications/Xcode.app/Contents/Developer/Toolchains/XcodeDefault.xctoolchain/usr/lib/swift/host/libSwiftInProcPluginServer.dylib -o /Users/ka/Library/Developer/Xcode/DerivedData/TaskPaper-fkdpctjeinjdwjgtefknnknzfcok/Build/Intermediates.noindex/TaskPaper.build/Debug/TaskPaperTests.build/Objects-normal-tsan/arm64/TaskPaperTests.o -index-unit-output-path /TaskPaper.build/Debug/TaskPaperTests.build/Objects-normal-tsan/arm64/TaskPaperTests.o

SwiftCompile normal arm64 /Users/ka/Downloads/2025-11-07\ TaskPaper\ Repo/TaskPaper/TaskPaperTests/TaskPaperTests.swift (in target 'TaskPaperTests' from project 'TaskPaper')
    cd /Users/ka/Downloads/2025-11-07\ TaskPaper\ Repo/TaskPaper
    
/Users/ka/Downloads/2025-11-07 TaskPaper Repo/TaskPaper/TaskPaperTests/TaskPaperTests.swift:9:18: error: compiling for macOS 11.0, but module 'TaskPaper' has a minimum deployment target of macOS 11.5: /Users/ka/Library/Developer/Xcode/DerivedData/TaskPaper-fkdpctjeinjdwjgtefknnknzfcok/Build/Products/Debug/TaskPaper.swiftmodule/arm64-apple-macos.swiftmodule
@testable import TaskPaper
                 ^

note: Run script build phase 'prepublish birch-outline & birch-editor' will be run during every build because the option to run the script phase "Based on dependency analysis" is unchecked. (in target 'TaskPaper' from project 'TaskPaper')

Test session results, code coverage, and logs:
	/Users/ka/Library/Developer/Xcode/DerivedData/TaskPaper-fkdpctjeinjdwjgtefknnknzfcok/Logs/Test/Test-TaskPaper-2025.11.07_22-34-16-+0000.xcresult

Testing failed:
	Compiling for macOS 11.0, but module 'TaskPaper' has a minimum deployment target of macOS 11.5: /Users/ka/Library/Developer/Xcode/DerivedData/TaskPaper-fkdpctjeinjdwjgtefknnknzfcok/Build/Products/Debug/TaskPaper.swiftmodule/arm64-apple-macos.swiftmodule
	Testing cancelled because the build failed.

** TEST FAILED **


The following build commands failed:
	SwiftCompile normal arm64 Compiling\ TaskPaperTests.swift /Users/ka/Downloads/2025-11-07\ TaskPaper\ Repo/TaskPaper/TaskPaperTests/TaskPaperTests.swift (in target 'TaskPaperTests' from project 'TaskPaper')
	SwiftCompile normal arm64 /Users/ka/Downloads/2025-11-07\ TaskPaper\ Repo/TaskPaper/TaskPaperTests/TaskPaperTests.swift (in target 'TaskPaperTests' from project 'TaskPaper')
	Testing project TaskPaper with scheme TaskPaper
(3 failures)
